<?xml version="1.0" encoding="UTF-8"?>
<coverage generated="1597445226638" clover="3.2.0">
  <project timestamp="1597445226638" name="All files">
    <metrics statements="298" coveredstatements="285" conditionals="117" coveredconditionals="96" methods="99" coveredmethods="90" elements="514" coveredelements="471" complexity="0" loc="298" ncloc="298" packages="17" files="35" classes="35"/>
    <package name="twopane-navigation">
      <metrics statements="10" coveredstatements="10" conditionals="2" coveredconditionals="2" methods="2" coveredmethods="2"/>
      <file name="appStore.ts" path="C:\Users\v-kealoi\Documents\DEV\react-native-dualscreen\twopane-navigation\packages\twopane-navigation\appStore.ts">
        <metrics statements="10" coveredstatements="10" conditionals="2" coveredconditionals="2" methods="2" coveredmethods="2"/>
        <line num="10" count="8" type="stmt"/>
        <line num="12" count="8" type="stmt"/>
        <line num="20" count="8" type="stmt"/>
        <line num="27" count="8" type="stmt"/>
        <line num="28" count="325" type="cond" truecount="2" falsecount="0"/>
        <line num="30" count="36" type="stmt"/>
        <line num="31" count="36" type="stmt"/>
        <line num="33" count="289" type="stmt"/>
        <line num="39" count="36" type="stmt"/>
        <line num="43" count="8" type="stmt"/>
      </file>
    </package>
    <package name="twopane-navigation.Shared.screenStore.headerStore">
      <metrics statements="23" coveredstatements="23" conditionals="7" coveredconditionals="7" methods="6" coveredmethods="6"/>
      <file name="header.actions.ts" path="C:\Users\v-kealoi\Documents\DEV\react-native-dualscreen\twopane-navigation\packages\twopane-navigation\Shared\screenStore\headerStore\header.actions.ts">
        <metrics statements="6" coveredstatements="6" conditionals="0" coveredconditionals="0" methods="3" coveredmethods="3"/>
        <line num="5" count="5" type="stmt"/>
        <line num="8" count="26" type="stmt"/>
        <line num="16" count="5" type="stmt"/>
        <line num="19" count="10" type="stmt"/>
        <line num="27" count="5" type="stmt"/>
        <line num="29" count="18" type="stmt"/>
      </file>
      <file name="header.reducer.ts" path="C:\Users\v-kealoi\Documents\DEV\react-native-dualscreen\twopane-navigation\packages\twopane-navigation\Shared\screenStore\headerStore\header.reducer.ts">
        <metrics statements="12" coveredstatements="12" conditionals="7" coveredconditionals="7" methods="1" coveredmethods="1"/>
        <line num="6" count="8" type="stmt"/>
        <line num="10" count="8" type="stmt"/>
        <line num="14" count="341" type="cond" truecount="4" falsecount="0"/>
        <line num="16" count="26" type="stmt"/>
        <line num="25" count="10" type="stmt"/>
        <line num="26" count="10" type="cond" truecount="2" falsecount="0"/>
        <line num="27" count="5" type="stmt"/>
        <line num="29" count="5" type="stmt"/>
        <line num="39" count="18" type="stmt"/>
        <line num="40" count="18" type="stmt"/>
        <line num="41" count="18" type="stmt"/>
        <line num="44" count="287" type="stmt"/>
      </file>
      <file name="header.selector.ts" path="C:\Users\v-kealoi\Documents\DEV\react-native-dualscreen\twopane-navigation\packages\twopane-navigation\Shared\screenStore\headerStore\header.selector.ts">
        <metrics statements="2" coveredstatements="2" conditionals="0" coveredconditionals="0" methods="2" coveredmethods="2"/>
        <line num="5" count="1" type="stmt"/>
        <line num="6" count="11" type="stmt"/>
      </file>
      <file name="header.types.ts" path="C:\Users\v-kealoi\Documents\DEV\react-native-dualscreen\twopane-navigation\packages\twopane-navigation\Shared\screenStore\headerStore\header.types.ts">
        <metrics statements="3" coveredstatements="3" conditionals="0" coveredconditionals="0" methods="0" coveredmethods="0"/>
        <line num="1" count="8" type="stmt"/>
        <line num="3" count="8" type="stmt"/>
        <line num="5" count="8" type="stmt"/>
      </file>
    </package>
    <package name="twopane-navigation.Shared.screenStore.headerStore.tests">
      <metrics statements="4" coveredstatements="4" conditionals="0" coveredconditionals="0" methods="2" coveredmethods="2"/>
      <file name="header.methods.helpers.tsx" path="C:\Users\v-kealoi\Documents\DEV\react-native-dualscreen\twopane-navigation\packages\twopane-navigation\Shared\screenStore\headerStore\tests\header.methods.helpers.tsx">
        <metrics statements="4" coveredstatements="4" conditionals="0" coveredconditionals="0" methods="2" coveredmethods="2"/>
        <line num="3" count="3" type="stmt"/>
        <line num="4" count="4" type="stmt"/>
        <line num="13" count="3" type="stmt"/>
        <line num="14" count="4" type="stmt"/>
      </file>
    </package>
    <package name="twopane-navigation.Shared.screenStore.keyStore">
      <metrics statements="48" coveredstatements="48" conditionals="19" coveredconditionals="19" methods="18" coveredmethods="18"/>
      <file name="key.actions.ts" path="C:\Users\v-kealoi\Documents\DEV\react-native-dualscreen\twopane-navigation\packages\twopane-navigation\Shared\screenStore\keyStore\key.actions.ts">
        <metrics statements="8" coveredstatements="8" conditionals="0" coveredconditionals="0" methods="5" coveredmethods="5"/>
        <line num="5" count="5" type="stmt"/>
        <line num="9" count="118" type="stmt"/>
        <line num="21" count="8" type="stmt"/>
        <line num="32" count="18" type="stmt"/>
        <line num="39" count="5" type="stmt"/>
        <line num="41" count="10" type="stmt"/>
        <line num="49" count="5" type="stmt"/>
        <line num="51" count="8" type="stmt"/>
      </file>
      <file name="key.reducer.ts" path="C:\Users\v-kealoi\Documents\DEV\react-native-dualscreen\twopane-navigation\packages\twopane-navigation\Shared\screenStore\keyStore\key.reducer.ts">
        <metrics statements="32" coveredstatements="32" conditionals="19" coveredconditionals="19" methods="11" coveredmethods="11"/>
        <line num="8" count="8" type="stmt"/>
        <line num="12" count="8" type="stmt"/>
        <line num="16" count="341" type="cond" truecount="6" falsecount="0"/>
        <line num="18" count="118" type="stmt"/>
        <line num="23" count="118" type="stmt"/>
        <line num="29" count="38" type="stmt"/>
        <line num="30" count="38" type="stmt"/>
        <line num="32" count="8" type="cond" truecount="2" falsecount="0"/>
        <line num="33" count="4" type="stmt"/>
        <line num="39" count="4" type="stmt"/>
        <line num="45" count="74" type="stmt"/>
        <line num="46" count="74" type="stmt"/>
        <line num="48" count="18" type="cond" truecount="2" falsecount="0"/>
        <line num="49" count="9" type="stmt"/>
        <line num="51" count="9" type="stmt"/>
        <line num="54" count="18" type="stmt"/>
        <line num="61" count="33" type="stmt"/>
        <line num="62" count="33" type="stmt"/>
        <line num="64" count="10" type="cond" truecount="2" falsecount="0"/>
        <line num="65" count="5" type="stmt"/>
        <line num="66" count="14" type="cond" truecount="2" falsecount="0"/>
        <line num="69" count="5" type="stmt"/>
        <line num="75" count="5" type="stmt"/>
        <line num="76" count="13" type="cond" truecount="2" falsecount="0"/>
        <line num="79" count="5" type="stmt"/>
        <line num="85" count="8" type="stmt"/>
        <line num="91" count="179" type="stmt"/>
        <line num="96" count="8" type="stmt"/>
        <line num="97" count="36" type="cond" truecount="2" falsecount="0"/>
        <line num="99" count="28" type="stmt"/>
        <line num="101" count="8" type="stmt"/>
        <line num="108" count="8" type="stmt"/>
      </file>
      <file name="key.selector.ts" path="C:\Users\v-kealoi\Documents\DEV\react-native-dualscreen\twopane-navigation\packages\twopane-navigation\Shared\screenStore\keyStore\key.selector.ts">
        <metrics statements="2" coveredstatements="2" conditionals="0" coveredconditionals="0" methods="2" coveredmethods="2"/>
        <line num="5" count="1" type="stmt"/>
        <line num="6" count="11" type="stmt"/>
      </file>
      <file name="key.types.ts" path="C:\Users\v-kealoi\Documents\DEV\react-native-dualscreen\twopane-navigation\packages\twopane-navigation\Shared\screenStore\keyStore\key.types.ts">
        <metrics statements="6" coveredstatements="6" conditionals="0" coveredconditionals="0" methods="0" coveredmethods="0"/>
        <line num="1" count="8" type="stmt"/>
        <line num="3" count="8" type="stmt"/>
        <line num="5" count="8" type="stmt"/>
        <line num="7" count="8" type="stmt"/>
        <line num="9" count="8" type="stmt"/>
        <line num="11" count="8" type="stmt"/>
      </file>
    </package>
    <package name="twopane-navigation.Shared.screenStore.keyStore.tests">
      <metrics statements="12" coveredstatements="12" conditionals="1" coveredconditionals="1" methods="5" coveredmethods="5"/>
      <file name="key.methods.helpers.tsx" path="C:\Users\v-kealoi\Documents\DEV\react-native-dualscreen\twopane-navigation\packages\twopane-navigation\Shared\screenStore\keyStore\tests\key.methods.helpers.tsx">
        <metrics statements="12" coveredstatements="12" conditionals="1" coveredconditionals="1" methods="5" coveredmethods="5"/>
        <line num="6" count="3" type="stmt"/>
        <line num="7" count="8" type="stmt"/>
        <line num="20" count="3" type="cond" truecount="1" falsecount="0"/>
        <line num="21" count="40" type="stmt"/>
        <line num="22" count="40" type="stmt"/>
        <line num="23" count="40" type="stmt"/>
        <line num="24" count="40" type="stmt"/>
        <line num="29" count="3" type="stmt"/>
        <line num="30" count="152" type="stmt"/>
        <line num="37" count="3" type="stmt"/>
        <line num="38" count="24" type="stmt"/>
        <line num="39" count="72" type="stmt"/>
      </file>
    </package>
    <package name="twopane-navigation.Shared.screenStore.twoPaneElementStore">
      <metrics statements="23" coveredstatements="23" conditionals="7" coveredconditionals="7" methods="6" coveredmethods="6"/>
      <file name="twoPaneElement.action.ts" path="C:\Users\v-kealoi\Documents\DEV\react-native-dualscreen\twopane-navigation\packages\twopane-navigation\Shared\screenStore\twoPaneElementStore\twoPaneElement.action.ts">
        <metrics statements="6" coveredstatements="6" conditionals="0" coveredconditionals="0" methods="3" coveredmethods="3"/>
        <line num="6" count="5" type="stmt"/>
        <line num="9" count="34" type="stmt"/>
        <line num="17" count="5" type="stmt"/>
        <line num="20" count="10" type="stmt"/>
        <line num="29" count="5" type="stmt"/>
        <line num="31" count="18" type="stmt"/>
      </file>
      <file name="twoPaneElement.reducer.ts" path="C:\Users\v-kealoi\Documents\DEV\react-native-dualscreen\twopane-navigation\packages\twopane-navigation\Shared\screenStore\twoPaneElementStore\twoPaneElement.reducer.ts">
        <metrics statements="12" coveredstatements="12" conditionals="7" coveredconditionals="7" methods="1" coveredmethods="1"/>
        <line num="5" count="8" type="stmt"/>
        <line num="9" count="8" type="stmt"/>
        <line num="13" count="341" type="cond" truecount="4" falsecount="0"/>
        <line num="15" count="34" type="stmt"/>
        <line num="24" count="10" type="stmt"/>
        <line num="25" count="10" type="cond" truecount="2" falsecount="0"/>
        <line num="26" count="5" type="stmt"/>
        <line num="28" count="5" type="stmt"/>
        <line num="39" count="18" type="stmt"/>
        <line num="40" count="18" type="stmt"/>
        <line num="41" count="18" type="stmt"/>
        <line num="44" count="279" type="stmt"/>
      </file>
      <file name="twoPaneElement.selectors.ts" path="C:\Users\v-kealoi\Documents\DEV\react-native-dualscreen\twopane-navigation\packages\twopane-navigation\Shared\screenStore\twoPaneElementStore\twoPaneElement.selectors.ts">
        <metrics statements="2" coveredstatements="2" conditionals="0" coveredconditionals="0" methods="2" coveredmethods="2"/>
        <line num="5" count="1" type="stmt"/>
        <line num="6" count="11" type="stmt"/>
      </file>
      <file name="twoPaneElement.types.ts" path="C:\Users\v-kealoi\Documents\DEV\react-native-dualscreen\twopane-navigation\packages\twopane-navigation\Shared\screenStore\twoPaneElementStore\twoPaneElement.types.ts">
        <metrics statements="3" coveredstatements="3" conditionals="0" coveredconditionals="0" methods="0" coveredmethods="0"/>
        <line num="1" count="8" type="stmt"/>
        <line num="3" count="8" type="stmt"/>
        <line num="5" count="8" type="stmt"/>
      </file>
    </package>
    <package name="twopane-navigation.Shared.screenStore.twoPaneElementStore.tests">
      <metrics statements="4" coveredstatements="4" conditionals="0" coveredconditionals="0" methods="2" coveredmethods="2"/>
      <file name="twoPaneElement.methods.helpers.tsx" path="C:\Users\v-kealoi\Documents\DEV\react-native-dualscreen\twopane-navigation\packages\twopane-navigation\Shared\screenStore\twoPaneElementStore\tests\twoPaneElement.methods.helpers.tsx">
        <metrics statements="4" coveredstatements="4" conditionals="0" coveredconditionals="0" methods="2" coveredmethods="2"/>
        <line num="4" count="3" type="stmt"/>
        <line num="5" count="8" type="stmt"/>
        <line num="16" count="3" type="stmt"/>
        <line num="17" count="4" type="stmt"/>
      </file>
    </package>
    <package name="twopane-navigation.Shared.utilityStore">
      <metrics statements="12" coveredstatements="12" conditionals="3" coveredconditionals="3" methods="3" coveredmethods="3"/>
      <file name="utilityStore.actions.ts" path="C:\Users\v-kealoi\Documents\DEV\react-native-dualscreen\twopane-navigation\packages\twopane-navigation\Shared\utilityStore\utilityStore.actions.ts">
        <metrics statements="2" coveredstatements="2" conditionals="0" coveredconditionals="0" methods="1" coveredmethods="1"/>
        <line num="4" count="2" type="stmt"/>
        <line num="5" count="3" type="stmt"/>
      </file>
      <file name="utilityStore.methods.ts" path="C:\Users\v-kealoi\Documents\DEV\react-native-dualscreen\twopane-navigation\packages\twopane-navigation\Shared\utilityStore\utilityStore.methods.ts">
        <metrics statements="4" coveredstatements="4" conditionals="0" coveredconditionals="0" methods="1" coveredmethods="1"/>
        <line num="4" count="1" type="stmt"/>
        <line num="5" count="1" type="stmt"/>
        <line num="8" count="1" type="stmt"/>
        <line num="14" count="1" type="stmt"/>
      </file>
      <file name="utilityStore.reducer.ts" path="C:\Users\v-kealoi\Documents\DEV\react-native-dualscreen\twopane-navigation\packages\twopane-navigation\Shared\utilityStore\utilityStore.reducer.ts">
        <metrics statements="5" coveredstatements="5" conditionals="3" coveredconditionals="3" methods="1" coveredmethods="1"/>
        <line num="3" count="8" type="stmt"/>
        <line num="7" count="8" type="stmt"/>
        <line num="11" count="341" type="cond" truecount="2" falsecount="0"/>
        <line num="13" count="3" type="stmt"/>
        <line num="18" count="338" type="stmt"/>
      </file>
      <file name="utilityStore.types.ts" path="C:\Users\v-kealoi\Documents\DEV\react-native-dualscreen\twopane-navigation\packages\twopane-navigation\Shared\utilityStore\utilityStore.types.ts">
        <metrics statements="1" coveredstatements="1" conditionals="0" coveredconditionals="0" methods="0" coveredmethods="0"/>
        <line num="1" count="8" type="stmt"/>
      </file>
    </package>
    <package name="twopane-navigation.components.dualApp">
      <metrics statements="9" coveredstatements="9" conditionals="6" coveredconditionals="4" methods="4" coveredmethods="2"/>
      <file name="DualApp.tsx" path="C:\Users\v-kealoi\Documents\DEV\react-native-dualscreen\twopane-navigation\packages\twopane-navigation\components\dualApp\DualApp.tsx">
        <metrics statements="9" coveredstatements="9" conditionals="6" coveredconditionals="4" methods="4" coveredmethods="2"/>
        <line num="32" count="1" type="stmt"/>
        <line num="34" count="1" type="stmt"/>
        <line num="36" count="1" type="stmt"/>
        <line num="37" count="1" type="stmt"/>
        <line num="39" count="1" type="stmt"/>
        <line num="40" count="1" type="cond" truecount="3" falsecount="1"/>
        <line num="41" count="1" type="stmt"/>
        <line num="42" count="1" type="stmt"/>
        <line num="46" count="1" type="stmt"/>
      </file>
    </package>
    <package name="twopane-navigation.components.dualHub">
      <metrics statements="18" coveredstatements="13" conditionals="2" coveredconditionals="0" methods="6" coveredmethods="4"/>
      <file name="DualHub.tsx" path="C:\Users\v-kealoi\Documents\DEV\react-native-dualscreen\twopane-navigation\packages\twopane-navigation\components\dualHub\DualHub.tsx">
        <metrics statements="18" coveredstatements="13" conditionals="2" coveredconditionals="0" methods="6" coveredmethods="4"/>
        <line num="18" count="1" type="stmt"/>
        <line num="20" count="2" type="stmt"/>
        <line num="21" count="2" type="stmt"/>
        <line num="23" count="2" type="stmt"/>
        <line num="25" count="2" type="stmt"/>
        <line num="26" count="1" type="stmt"/>
        <line num="27" count="1" type="stmt"/>
        <line num="29" count="1" type="stmt"/>
        <line num="30" count="0" type="stmt"/>
        <line num="34" count="2" type="stmt"/>
        <line num="35" count="2" type="stmt"/>
        <line num="36" count="2" type="stmt"/>
        <line num="45" count="2" type="stmt"/>
        <line num="46" count="0" type="stmt"/>
        <line num="47" count="0" type="cond" truecount="0" falsecount="2"/>
        <line num="48" count="0" type="stmt"/>
        <line num="50" count="0" type="stmt"/>
        <line num="54" count="2" type="stmt"/>
      </file>
    </package>
    <package name="twopane-navigation.components.screenHeader">
      <metrics statements="4" coveredstatements="3" conditionals="2" coveredconditionals="1" methods="2" coveredmethods="1"/>
      <file name="ScreenHeader.style.ts" path="C:\Users\v-kealoi\Documents\DEV\react-native-dualscreen\twopane-navigation\packages\twopane-navigation\components\screenHeader\ScreenHeader.style.ts">
        <metrics statements="1" coveredstatements="1" conditionals="0" coveredconditionals="0" methods="0" coveredmethods="0"/>
        <line num="3" count="1" type="stmt"/>
      </file>
      <file name="ScreenHeader.tsx" path="C:\Users\v-kealoi\Documents\DEV\react-native-dualscreen\twopane-navigation\packages\twopane-navigation\components\screenHeader\ScreenHeader.tsx">
        <metrics statements="3" coveredstatements="2" conditionals="2" coveredconditionals="1" methods="2" coveredmethods="1"/>
        <line num="9" count="1" type="stmt"/>
        <line num="10" count="2" type="stmt"/>
        <line num="18" count="0" type="stmt"/>
      </file>
    </package>
    <package name="twopane-navigation.components.screenHeaderContainer">
      <metrics statements="5" coveredstatements="4" conditionals="10" coveredconditionals="3" methods="2" coveredmethods="1"/>
      <file name="ScreenHeaderContainer.style.ts" path="C:\Users\v-kealoi\Documents\DEV\react-native-dualscreen\twopane-navigation\packages\twopane-navigation\components\screenHeaderContainer\ScreenHeaderContainer.style.ts">
        <metrics statements="1" coveredstatements="1" conditionals="0" coveredconditionals="0" methods="0" coveredmethods="0"/>
        <line num="3" count="1" type="stmt"/>
      </file>
      <file name="ScreenHeaderContainer.tsx" path="C:\Users\v-kealoi\Documents\DEV\react-native-dualscreen\twopane-navigation\packages\twopane-navigation\components\screenHeaderContainer\ScreenHeaderContainer.tsx">
        <metrics statements="4" coveredstatements="3" conditionals="10" coveredconditionals="3" methods="2" coveredmethods="1"/>
        <line num="14" count="1" type="stmt"/>
        <line num="16" count="2" type="stmt"/>
        <line num="18" count="2" type="stmt"/>
        <line num="36" count="0" type="stmt"/>
      </file>
    </package>
    <package name="twopane-navigation.components.screenOverlay">
      <metrics statements="6" coveredstatements="3" conditionals="6" coveredconditionals="2" methods="2" coveredmethods="1"/>
      <file name="ScreenOverlay.styles.ts" path="C:\Users\v-kealoi\Documents\DEV\react-native-dualscreen\twopane-navigation\packages\twopane-navigation\components\screenOverlay\ScreenOverlay.styles.ts">
        <metrics statements="1" coveredstatements="1" conditionals="0" coveredconditionals="0" methods="0" coveredmethods="0"/>
        <line num="3" count="1" type="stmt"/>
      </file>
      <file name="ScreenOverlay.tsx" path="C:\Users\v-kealoi\Documents\DEV\react-native-dualscreen\twopane-navigation\packages\twopane-navigation\components\screenOverlay\ScreenOverlay.tsx">
        <metrics statements="5" coveredstatements="2" conditionals="6" coveredconditionals="2" methods="2" coveredmethods="1"/>
        <line num="31" count="1" type="stmt"/>
        <line num="32" count="1" type="stmt"/>
        <line num="39" count="0" type="cond" truecount="0" falsecount="2"/>
        <line num="42" count="0" type="cond" truecount="0" falsecount="2"/>
        <line num="44" count="0" type="stmt"/>
      </file>
    </package>
    <package name="twopane-navigation.components.screenRenderer">
      <metrics statements="8" coveredstatements="7" conditionals="6" coveredconditionals="4" methods="5" coveredmethods="4"/>
      <file name="ScreenRenderer.tsx" path="C:\Users\v-kealoi\Documents\DEV\react-native-dualscreen\twopane-navigation\packages\twopane-navigation\components\screenRenderer\ScreenRenderer.tsx">
        <metrics statements="8" coveredstatements="7" conditionals="6" coveredconditionals="4" methods="5" coveredmethods="4"/>
        <line num="13" count="1" type="stmt"/>
        <line num="14" count="2" type="stmt"/>
        <line num="16" count="2" type="stmt"/>
        <line num="17" count="2" type="stmt"/>
        <line num="18" count="2" type="stmt"/>
        <line num="22" count="2" type="stmt"/>
        <line num="28" count="0" type="cond" truecount="0" falsecount="2"/>
        <line num="42" count="1" type="stmt"/>
      </file>
    </package>
    <package name="twopane-navigation.dualScreen.dualScreenStore">
      <metrics statements="35" coveredstatements="35" conditionals="10" coveredconditionals="9" methods="12" coveredmethods="12"/>
      <file name="dualScreen.methods.ts" path="C:\Users\v-kealoi\Documents\DEV\react-native-dualscreen\twopane-navigation\packages\twopane-navigation\dualScreen\dualScreenStore\dualScreen.methods.ts">
        <metrics statements="35" coveredstatements="35" conditionals="10" coveredconditionals="9" methods="12" coveredmethods="12"/>
        <line num="14" count="3" type="cond" truecount="1" falsecount="0"/>
        <line num="16" count="8" type="stmt"/>
        <line num="17" count="8" type="stmt"/>
        <line num="18" count="8" type="cond" truecount="2" falsecount="0"/>
        <line num="19" count="4" type="stmt"/>
        <line num="27" count="3" type="cond" truecount="0" falsecount="1"/>
        <line num="28" count="4" type="stmt"/>
        <line num="29" count="11" type="stmt"/>
        <line num="31" count="7" type="cond" truecount="2" falsecount="0"/>
        <line num="32" count="1" type="stmt"/>
        <line num="34" count="3" type="stmt"/>
        <line num="40" count="3" type="stmt"/>
        <line num="41" count="1" type="stmt"/>
        <line num="42" count="1" type="stmt"/>
        <line num="43" count="5" type="cond" truecount="4" falsecount="0"/>
        <line num="44" count="3" type="stmt"/>
        <line num="54" count="3" type="stmt"/>
        <line num="55" count="2" type="stmt"/>
        <line num="56" count="10" type="stmt"/>
        <line num="58" count="2" type="stmt"/>
        <line num="59" count="5" type="stmt"/>
        <line num="60" count="5" type="stmt"/>
        <line num="62" count="2" type="stmt"/>
        <line num="68" count="3" type="stmt"/>
        <line num="69" count="2" type="stmt"/>
        <line num="70" count="8" type="stmt"/>
        <line num="72" count="2" type="stmt"/>
        <line num="73" count="2" type="stmt"/>
        <line num="74" count="2" type="stmt"/>
        <line num="81" count="3" type="stmt"/>
        <line num="82" count="2" type="stmt"/>
        <line num="88" count="3" type="stmt"/>
        <line num="89" count="2" type="stmt"/>
        <line num="92" count="3" type="stmt"/>
        <line num="104" count="3" type="stmt"/>
      </file>
    </package>
    <package name="twopane-navigation.singleScreen.singleScreenStore">
      <metrics statements="35" coveredstatements="35" conditionals="10" coveredconditionals="9" methods="12" coveredmethods="12"/>
      <file name="singleScreen.methods.ts" path="C:\Users\v-kealoi\Documents\DEV\react-native-dualscreen\twopane-navigation\packages\twopane-navigation\singleScreen\singleScreenStore\singleScreen.methods.ts">
        <metrics statements="35" coveredstatements="35" conditionals="10" coveredconditionals="9" methods="12" coveredmethods="12"/>
        <line num="15" count="3" type="cond" truecount="1" falsecount="0"/>
        <line num="16" count="8" type="stmt"/>
        <line num="17" count="8" type="stmt"/>
        <line num="18" count="8" type="cond" truecount="2" falsecount="0"/>
        <line num="19" count="4" type="stmt"/>
        <line num="27" count="3" type="cond" truecount="0" falsecount="1"/>
        <line num="28" count="4" type="stmt"/>
        <line num="29" count="12" type="stmt"/>
        <line num="31" count="7" type="cond" truecount="2" falsecount="0"/>
        <line num="32" count="1" type="stmt"/>
        <line num="34" count="3" type="stmt"/>
        <line num="41" count="3" type="stmt"/>
        <line num="42" count="1" type="stmt"/>
        <line num="43" count="1" type="stmt"/>
        <line num="44" count="5" type="cond" truecount="4" falsecount="0"/>
        <line num="45" count="3" type="stmt"/>
        <line num="55" count="3" type="stmt"/>
        <line num="56" count="2" type="stmt"/>
        <line num="57" count="10" type="stmt"/>
        <line num="59" count="2" type="stmt"/>
        <line num="60" count="5" type="stmt"/>
        <line num="61" count="5" type="stmt"/>
        <line num="64" count="2" type="stmt"/>
        <line num="70" count="3" type="stmt"/>
        <line num="71" count="2" type="stmt"/>
        <line num="72" count="8" type="stmt"/>
        <line num="74" count="2" type="stmt"/>
        <line num="75" count="2" type="stmt"/>
        <line num="76" count="2" type="stmt"/>
        <line num="84" count="3" type="stmt"/>
        <line num="85" count="2" type="stmt"/>
        <line num="91" count="3" type="stmt"/>
        <line num="92" count="2" type="stmt"/>
        <line num="95" count="3" type="stmt"/>
        <line num="107" count="3" type="stmt"/>
      </file>
    </package>
    <package name="twopane-navigation.utilities">
      <metrics statements="42" coveredstatements="40" conditionals="26" coveredconditionals="25" methods="10" coveredmethods="9"/>
      <file name="auto.methods.ts" path="C:\Users\v-kealoi\Documents\DEV\react-native-dualscreen\twopane-navigation\packages\twopane-navigation\utilities\auto.methods.ts">
        <metrics statements="34" coveredstatements="34" conditionals="24" coveredconditionals="24" methods="8" coveredmethods="8"/>
        <line num="11" count="1" type="cond" truecount="2" falsecount="0"/>
        <line num="12" count="2" type="cond" truecount="2" falsecount="0"/>
        <line num="13" count="1" type="stmt"/>
        <line num="15" count="1" type="stmt"/>
        <line num="23" count="1" type="cond" truecount="2" falsecount="0"/>
        <line num="24" count="2" type="cond" truecount="2" falsecount="0"/>
        <line num="25" count="1" type="stmt"/>
        <line num="27" count="1" type="stmt"/>
        <line num="35" count="1" type="cond" truecount="2" falsecount="0"/>
        <line num="36" count="2" type="cond" truecount="2" falsecount="0"/>
        <line num="37" count="1" type="stmt"/>
        <line num="39" count="1" type="stmt"/>
        <line num="47" count="1" type="cond" truecount="2" falsecount="0"/>
        <line num="48" count="2" type="cond" truecount="2" falsecount="0"/>
        <line num="49" count="1" type="stmt"/>
        <line num="51" count="1" type="stmt"/>
        <line num="58" count="1" type="stmt"/>
        <line num="59" count="2" type="cond" truecount="2" falsecount="0"/>
        <line num="60" count="1" type="stmt"/>
        <line num="62" count="1" type="stmt"/>
        <line num="70" count="1" type="stmt"/>
        <line num="71" count="2" type="cond" truecount="2" falsecount="0"/>
        <line num="72" count="1" type="stmt"/>
        <line num="74" count="1" type="stmt"/>
        <line num="81" count="1" type="stmt"/>
        <line num="82" count="2" type="cond" truecount="2" falsecount="0"/>
        <line num="83" count="1" type="stmt"/>
        <line num="85" count="1" type="stmt"/>
        <line num="93" count="1" type="stmt"/>
        <line num="94" count="2" type="cond" truecount="2" falsecount="0"/>
        <line num="95" count="1" type="stmt"/>
        <line num="97" count="1" type="stmt"/>
        <line num="103" count="1" type="stmt"/>
        <line num="116" count="1" type="stmt"/>
      </file>
      <file name="extensionMethods.ts" path="C:\Users\v-kealoi\Documents\DEV\react-native-dualscreen\twopane-navigation\packages\twopane-navigation\utilities\extensionMethods.ts">
        <metrics statements="4" coveredstatements="3" conditionals="2" coveredconditionals="1" methods="1" coveredmethods="1"/>
        <line num="11" count="8" type="stmt"/>
        <line num="12" count="8" type="cond" truecount="1" falsecount="1"/>
        <line num="13" count="8" type="stmt"/>
        <line num="16" count="0" type="stmt"/>
      </file>
      <file name="interfaces.ts" path="C:\Users\v-kealoi\Documents\DEV\react-native-dualscreen\twopane-navigation\packages\twopane-navigation\utilities\interfaces.ts">
        <metrics statements="0" coveredstatements="0" conditionals="0" coveredconditionals="0" methods="0" coveredmethods="0"/>
      </file>
      <file name="utility.methods.ts" path="C:\Users\v-kealoi\Documents\DEV\react-native-dualscreen\twopane-navigation\packages\twopane-navigation\utilities\utility.methods.ts">
        <metrics statements="4" coveredstatements="3" conditionals="0" coveredconditionals="0" methods="1" coveredmethods="0"/>
        <line num="4" count="1" type="stmt"/>
        <line num="5" count="0" type="stmt"/>
        <line num="8" count="1" type="stmt"/>
        <line num="14" count="1" type="stmt"/>
      </file>
    </package>
  </project>
</coverage>
