{"C:\\Users\\v-kealoi\\Documents\\DEV\\react-native-dualscreen\\twopane-navigation\\packages\\twopane-navigation\\src\\appStore.ts": {"path":"C:\\Users\\v-kealoi\\Documents\\DEV\\react-native-dualscreen\\twopane-navigation\\packages\\twopane-navigation\\src\\appStore.ts","statementMap":{"0":{"start":{"line":10,"column":0},"end":{"line":10,"column":40}},"1":{"start":{"line":12,"column":20},"end":{"line":17,"column":2}},"2":{"start":{"line":20,"column":26},"end":{"line":20,"column":37}},"3":{"start":{"line":27,"column":20},"end":{"line":35,"column":1}},"4":{"start":{"line":28,"column":2},"end":{"line":34,"column":3}},"5":{"start":{"line":30,"column":6},"end":{"line":30,"column":24}},"6":{"start":{"line":31,"column":6},"end":{"line":31,"column":40}},"7":{"start":{"line":33,"column":6},"end":{"line":33,"column":40}},"8":{"start":{"line":39,"column":24},"end":{"line":41,"column":2}},"9":{"start":{"line":39,"column":42},"end":{"line":41,"column":1}},"10":{"start":{"line":43,"column":21},"end":{"line":43,"column":45}}},"fnMap":{"0":{"name":"(anonymous_0)","decl":{"start":{"line":27,"column":20},"end":{"line":27,"column":21}},"loc":{"start":{"line":27,"column":49},"end":{"line":35,"column":1}},"line":27},"1":{"name":"(anonymous_1)","decl":{"start":{"line":39,"column":24},"end":{"line":39,"column":25}},"loc":{"start":{"line":39,"column":42},"end":{"line":41,"column":1}},"line":39}},"branchMap":{"0":{"loc":{"start":{"line":28,"column":2},"end":{"line":34,"column":3}},"type":"switch","locations":[{"start":{"line":29,"column":4},"end":{"line":31,"column":40}},{"start":{"line":32,"column":4},"end":{"line":33,"column":40}}],"line":28}},"s":{"0":8,"1":8,"2":8,"3":8,"4":325,"5":36,"6":36,"7":289,"8":8,"9":36,"10":8},"f":{"0":325,"1":36},"b":{"0":[36,289]},"_coverageSchema":"43e27e138ebf9cfc5966b082cf9a028302ed4184","hash":"05ce1ec635e067a52c9a4fa61f82db2beadf861e"}
,"C:\\Users\\v-kealoi\\Documents\\DEV\\react-native-dualscreen\\twopane-navigation\\packages\\twopane-navigation\\src\\Shared\\screenStore\\headerStore\\header.actions.ts": {"path":"C:\\Users\\v-kealoi\\Documents\\DEV\\react-native-dualscreen\\twopane-navigation\\packages\\twopane-navigation\\src\\Shared\\screenStore\\headerStore\\header.actions.ts","statementMap":{"0":{"start":{"line":5,"column":26},"end":{"line":14,"column":2}},"1":{"start":{"line":8,"column":21},"end":{"line":14,"column":1}},"2":{"start":{"line":16,"column":29},"end":{"line":25,"column":2}},"3":{"start":{"line":19,"column":21},"end":{"line":25,"column":1}},"4":{"start":{"line":27,"column":33},"end":{"line":34,"column":2}},"5":{"start":{"line":29,"column":22},"end":{"line":34,"column":1}}},"fnMap":{"0":{"name":"(anonymous_0)","decl":{"start":{"line":5,"column":26},"end":{"line":5,"column":27}},"loc":{"start":{"line":8,"column":21},"end":{"line":14,"column":1}},"line":8},"1":{"name":"(anonymous_1)","decl":{"start":{"line":16,"column":29},"end":{"line":16,"column":30}},"loc":{"start":{"line":19,"column":21},"end":{"line":25,"column":1}},"line":19},"2":{"name":"(anonymous_2)","decl":{"start":{"line":27,"column":33},"end":{"line":27,"column":34}},"loc":{"start":{"line":29,"column":22},"end":{"line":34,"column":1}},"line":29}},"branchMap":{},"s":{"0":5,"1":26,"2":5,"3":10,"4":5,"5":18},"f":{"0":26,"1":10,"2":18},"b":{},"_coverageSchema":"43e27e138ebf9cfc5966b082cf9a028302ed4184","hash":"cbf0eca562a49ac09463bfba90047b550f631694"}
,"C:\\Users\\v-kealoi\\Documents\\DEV\\react-native-dualscreen\\twopane-navigation\\packages\\twopane-navigation\\src\\Shared\\screenStore\\headerStore\\header.reducer.ts": {"path":"C:\\Users\\v-kealoi\\Documents\\DEV\\react-native-dualscreen\\twopane-navigation\\packages\\twopane-navigation\\src\\Shared\\screenStore\\headerStore\\header.reducer.ts","statementMap":{"0":{"start":{"line":6,"column":35},"end":{"line":8,"column":1}},"1":{"start":{"line":10,"column":22},"end":{"line":46,"column":1}},"2":{"start":{"line":14,"column":4},"end":{"line":45,"column":5}},"3":{"start":{"line":16,"column":12},"end":{"line":22,"column":14}},"4":{"start":{"line":25,"column":27},"end":{"line":25,"column":62}},"5":{"start":{"line":26,"column":12},"end":{"line":28,"column":13}},"6":{"start":{"line":27,"column":16},"end":{"line":27,"column":36}},"7":{"start":{"line":29,"column":12},"end":{"line":35,"column":14}},"8":{"start":{"line":39,"column":28},"end":{"line":39,"column":33}},"9":{"start":{"line":40,"column":12},"end":{"line":40,"column":55}},"10":{"start":{"line":41,"column":12},"end":{"line":41,"column":33}},"11":{"start":{"line":44,"column":12},"end":{"line":44,"column":25}}},"fnMap":{"0":{"name":"(anonymous_0)","decl":{"start":{"line":10,"column":22},"end":{"line":10,"column":23}},"loc":{"start":{"line":13,"column":19},"end":{"line":46,"column":1}},"line":13}},"branchMap":{"0":{"loc":{"start":{"line":11,"column":4},"end":{"line":11,"column":38}},"type":"default-arg","locations":[{"start":{"line":11,"column":26},"end":{"line":11,"column":38}}],"line":11},"1":{"loc":{"start":{"line":14,"column":4},"end":{"line":45,"column":5}},"type":"switch","locations":[{"start":{"line":15,"column":8},"end":{"line":23,"column":9}},{"start":{"line":24,"column":8},"end":{"line":36,"column":9}},{"start":{"line":37,"column":8},"end":{"line":42,"column":9}},{"start":{"line":43,"column":8},"end":{"line":44,"column":25}}],"line":14},"2":{"loc":{"start":{"line":26,"column":12},"end":{"line":28,"column":13}},"type":"if","locations":[{"start":{"line":26,"column":12},"end":{"line":28,"column":13}},{"start":{"line":26,"column":12},"end":{"line":28,"column":13}}],"line":26}},"s":{"0":8,"1":8,"2":341,"3":26,"4":10,"5":10,"6":5,"7":5,"8":18,"9":18,"10":18,"11":287},"f":{"0":341},"b":{"0":[60],"1":[26,10,18,287],"2":[5,5]},"_coverageSchema":"43e27e138ebf9cfc5966b082cf9a028302ed4184","hash":"d88206ee3f50372fa46ad5e2b6489faf54e67714"}
,"C:\\Users\\v-kealoi\\Documents\\DEV\\react-native-dualscreen\\twopane-navigation\\packages\\twopane-navigation\\src\\Shared\\screenStore\\headerStore\\header.selector.ts": {"path":"C:\\Users\\v-kealoi\\Documents\\DEV\\react-native-dualscreen\\twopane-navigation\\packages\\twopane-navigation\\src\\Shared\\screenStore\\headerStore\\header.selector.ts","statementMap":{"0":{"start":{"line":5,"column":33},"end":{"line":7,"column":1}},"1":{"start":{"line":6,"column":4},"end":{"line":6,"column":72}},"2":{"start":{"line":6,"column":51},"end":{"line":6,"column":70}}},"fnMap":{"0":{"name":"(anonymous_0)","decl":{"start":{"line":5,"column":33},"end":{"line":5,"column":34}},"loc":{"start":{"line":5,"column":53},"end":{"line":7,"column":1}},"line":5},"1":{"name":"(anonymous_1)","decl":{"start":{"line":6,"column":23},"end":{"line":6,"column":24}},"loc":{"start":{"line":6,"column":51},"end":{"line":6,"column":70}},"line":6}},"branchMap":{},"s":{"0":1,"1":2,"2":11},"f":{"0":2,"1":11},"b":{},"_coverageSchema":"43e27e138ebf9cfc5966b082cf9a028302ed4184","hash":"d3e50948c7628fe21ecce11d711dd4ddd0d8d5d1"}
,"C:\\Users\\v-kealoi\\Documents\\DEV\\react-native-dualscreen\\twopane-navigation\\packages\\twopane-navigation\\src\\Shared\\screenStore\\headerStore\\header.types.ts": {"path":"C:\\Users\\v-kealoi\\Documents\\DEV\\react-native-dualscreen\\twopane-navigation\\packages\\twopane-navigation\\src\\Shared\\screenStore\\headerStore\\header.types.ts","statementMap":{"0":{"start":{"line":1,"column":35},"end":{"line":1,"column":48}},"1":{"start":{"line":3,"column":38},"end":{"line":3,"column":54}},"2":{"start":{"line":5,"column":41},"end":{"line":5,"column":60}}},"fnMap":{},"branchMap":{},"s":{"0":8,"1":8,"2":8},"f":{},"b":{},"_coverageSchema":"43e27e138ebf9cfc5966b082cf9a028302ed4184","hash":"564e6e817b7fba8aa842ffdce7f3e74a3eef067d"}
,"C:\\Users\\v-kealoi\\Documents\\DEV\\react-native-dualscreen\\twopane-navigation\\packages\\twopane-navigation\\src\\Shared\\screenStore\\headerStore\\tests\\header.methods.helpers.tsx": {"path":"C:\\Users\\v-kealoi\\Documents\\DEV\\react-native-dualscreen\\twopane-navigation\\packages\\twopane-navigation\\src\\Shared\\screenStore\\headerStore\\tests\\header.methods.helpers.tsx","statementMap":{"0":{"start":{"line":3,"column":35},"end":{"line":11,"column":1}},"1":{"start":{"line":4,"column":4},"end":{"line":10,"column":5}},"2":{"start":{"line":13,"column":35},"end":{"line":17,"column":1}},"3":{"start":{"line":14,"column":4},"end":{"line":16,"column":5}}},"fnMap":{"0":{"name":"(anonymous_0)","decl":{"start":{"line":3,"column":35},"end":{"line":3,"column":36}},"loc":{"start":{"line":3,"column":98},"end":{"line":11,"column":1}},"line":3},"1":{"name":"(anonymous_1)","decl":{"start":{"line":13,"column":35},"end":{"line":13,"column":36}},"loc":{"start":{"line":13,"column":84},"end":{"line":17,"column":1}},"line":13}},"branchMap":{},"s":{"0":3,"1":4,"2":3,"3":4},"f":{"0":4,"1":4},"b":{},"_coverageSchema":"43e27e138ebf9cfc5966b082cf9a028302ed4184","hash":"6a242b85a76fe09cf744ab6e03413c5256b99a56"}
,"C:\\Users\\v-kealoi\\Documents\\DEV\\react-native-dualscreen\\twopane-navigation\\packages\\twopane-navigation\\src\\Shared\\screenStore\\keyStore\\key.actions.ts": {"path":"C:\\Users\\v-kealoi\\Documents\\DEV\\react-native-dualscreen\\twopane-navigation\\packages\\twopane-navigation\\src\\Shared\\screenStore\\keyStore\\key.actions.ts","statementMap":{"0":{"start":{"line":5,"column":23},"end":{"line":16,"column":2}},"1":{"start":{"line":9,"column":18},"end":{"line":16,"column":1}},"2":{"start":{"line":21,"column":26},"end":{"line":26,"column":2}},"3":{"start":{"line":21,"column":68},"end":{"line":26,"column":1}},"4":{"start":{"line":32,"column":25},"end":{"line":37,"column":2}},"5":{"start":{"line":32,"column":67},"end":{"line":37,"column":1}},"6":{"start":{"line":39,"column":27},"end":{"line":47,"column":2}},"7":{"start":{"line":41,"column":24},"end":{"line":47,"column":1}},"8":{"start":{"line":49,"column":28},"end":{"line":57,"column":2}},"9":{"start":{"line":51,"column":24},"end":{"line":57,"column":1}}},"fnMap":{"0":{"name":"(anonymous_0)","decl":{"start":{"line":5,"column":23},"end":{"line":5,"column":24}},"loc":{"start":{"line":9,"column":18},"end":{"line":16,"column":1}},"line":9},"1":{"name":"(anonymous_1)","decl":{"start":{"line":21,"column":26},"end":{"line":21,"column":27}},"loc":{"start":{"line":21,"column":68},"end":{"line":26,"column":1}},"line":21},"2":{"name":"(anonymous_2)","decl":{"start":{"line":32,"column":25},"end":{"line":32,"column":26}},"loc":{"start":{"line":32,"column":67},"end":{"line":37,"column":1}},"line":32},"3":{"name":"(anonymous_3)","decl":{"start":{"line":39,"column":27},"end":{"line":39,"column":28}},"loc":{"start":{"line":41,"column":24},"end":{"line":47,"column":1}},"line":41},"4":{"name":"(anonymous_4)","decl":{"start":{"line":49,"column":28},"end":{"line":49,"column":29}},"loc":{"start":{"line":51,"column":24},"end":{"line":57,"column":1}},"line":51}},"branchMap":{},"s":{"0":5,"1":118,"2":5,"3":8,"4":5,"5":18,"6":5,"7":10,"8":5,"9":8},"f":{"0":118,"1":8,"2":18,"3":10,"4":8},"b":{},"_coverageSchema":"43e27e138ebf9cfc5966b082cf9a028302ed4184","hash":"b270fe9a09b74026f9b395df1d73e3d6e9c0fb3e"}
,"C:\\Users\\v-kealoi\\Documents\\DEV\\react-native-dualscreen\\twopane-navigation\\packages\\twopane-navigation\\src\\Shared\\screenStore\\keyStore\\key.reducer.ts": {"path":"C:\\Users\\v-kealoi\\Documents\\DEV\\react-native-dualscreen\\twopane-navigation\\packages\\twopane-navigation\\src\\Shared\\screenStore\\keyStore\\key.reducer.ts","statementMap":{"0":{"start":{"line":8,"column":32},"end":{"line":10,"column":1}},"1":{"start":{"line":12,"column":20},"end":{"line":93,"column":1}},"2":{"start":{"line":16,"column":4},"end":{"line":92,"column":5}},"3":{"start":{"line":18,"column":42},"end":{"line":22,"column":13}},"4":{"start":{"line":23,"column":12},"end":{"line":26,"column":14}},"5":{"start":{"line":29,"column":33},"end":{"line":29,"column":82}},"6":{"start":{"line":29,"column":56},"end":{"line":29,"column":81}},"7":{"start":{"line":30,"column":33},"end":{"line":30,"column":82}},"8":{"start":{"line":30,"column":56},"end":{"line":30,"column":81}},"9":{"start":{"line":32,"column":12},"end":{"line":37,"column":13}},"10":{"start":{"line":33,"column":16},"end":{"line":36,"column":18}},"11":{"start":{"line":39,"column":12},"end":{"line":42,"column":14}},"12":{"start":{"line":45,"column":33},"end":{"line":45,"column":82}},"13":{"start":{"line":45,"column":56},"end":{"line":45,"column":81}},"14":{"start":{"line":46,"column":33},"end":{"line":46,"column":82}},"15":{"start":{"line":46,"column":56},"end":{"line":46,"column":81}},"16":{"start":{"line":48,"column":12},"end":{"line":52,"column":13}},"17":{"start":{"line":49,"column":16},"end":{"line":49,"column":35}},"18":{"start":{"line":51,"column":16},"end":{"line":51,"column":35}},"19":{"start":{"line":54,"column":12},"end":{"line":57,"column":14}},"20":{"start":{"line":61,"column":33},"end":{"line":61,"column":82}},"21":{"start":{"line":61,"column":56},"end":{"line":61,"column":81}},"22":{"start":{"line":62,"column":33},"end":{"line":62,"column":82}},"23":{"start":{"line":62,"column":56},"end":{"line":62,"column":81}},"24":{"start":{"line":64,"column":12},"end":{"line":73,"column":13}},"25":{"start":{"line":65,"column":31},"end":{"line":67,"column":18}},"26":{"start":{"line":66,"column":20},"end":{"line":66,"column":72}},"27":{"start":{"line":69,"column":16},"end":{"line":72,"column":18}},"28":{"start":{"line":75,"column":27},"end":{"line":77,"column":14}},"29":{"start":{"line":76,"column":16},"end":{"line":76,"column":68}},"30":{"start":{"line":79,"column":12},"end":{"line":82,"column":14}},"31":{"start":{"line":85,"column":12},"end":{"line":88,"column":14}},"32":{"start":{"line":91,"column":12},"end":{"line":91,"column":25}},"33":{"start":{"line":96,"column":4},"end":{"line":112,"column":6}},"34":{"start":{"line":97,"column":8},"end":{"line":100,"column":9}},"35":{"start":{"line":99,"column":12},"end":{"line":99,"column":23}},"36":{"start":{"line":101,"column":40},"end":{"line":105,"column":9}},"37":{"start":{"line":108,"column":8},"end":{"line":111,"column":9}}},"fnMap":{"0":{"name":"(anonymous_0)","decl":{"start":{"line":12,"column":20},"end":{"line":12,"column":21}},"loc":{"start":{"line":15,"column":16},"end":{"line":93,"column":1}},"line":15},"1":{"name":"(anonymous_1)","decl":{"start":{"line":29,"column":51},"end":{"line":29,"column":52}},"loc":{"start":{"line":29,"column":56},"end":{"line":29,"column":81}},"line":29},"2":{"name":"(anonymous_2)","decl":{"start":{"line":30,"column":51},"end":{"line":30,"column":52}},"loc":{"start":{"line":30,"column":56},"end":{"line":30,"column":81}},"line":30},"3":{"name":"(anonymous_3)","decl":{"start":{"line":45,"column":51},"end":{"line":45,"column":52}},"loc":{"start":{"line":45,"column":56},"end":{"line":45,"column":81}},"line":45},"4":{"name":"(anonymous_4)","decl":{"start":{"line":46,"column":51},"end":{"line":46,"column":52}},"loc":{"start":{"line":46,"column":56},"end":{"line":46,"column":81}},"line":46},"5":{"name":"(anonymous_5)","decl":{"start":{"line":61,"column":51},"end":{"line":61,"column":52}},"loc":{"start":{"line":61,"column":56},"end":{"line":61,"column":81}},"line":61},"6":{"name":"(anonymous_6)","decl":{"start":{"line":62,"column":51},"end":{"line":62,"column":52}},"loc":{"start":{"line":62,"column":56},"end":{"line":62,"column":81}},"line":62},"7":{"name":"(anonymous_7)","decl":{"start":{"line":65,"column":54},"end":{"line":65,"column":55}},"loc":{"start":{"line":65,"column":70},"end":{"line":67,"column":17}},"line":65},"8":{"name":"(anonymous_8)","decl":{"start":{"line":75,"column":50},"end":{"line":75,"column":51}},"loc":{"start":{"line":75,"column":66},"end":{"line":77,"column":13}},"line":75},"9":{"name":"updateObjectInArray","decl":{"start":{"line":95,"column":9},"end":{"line":95,"column":28}},"loc":{"start":{"line":95,"column":69},"end":{"line":113,"column":1}},"line":95},"10":{"name":"(anonymous_10)","decl":{"start":{"line":96,"column":20},"end":{"line":96,"column":21}},"loc":{"start":{"line":96,"column":30},"end":{"line":112,"column":5}},"line":96}},"branchMap":{"0":{"loc":{"start":{"line":13,"column":4},"end":{"line":13,"column":35}},"type":"default-arg","locations":[{"start":{"line":13,"column":23},"end":{"line":13,"column":35}}],"line":13},"1":{"loc":{"start":{"line":16,"column":4},"end":{"line":92,"column":5}},"type":"switch","locations":[{"start":{"line":17,"column":8},"end":{"line":27,"column":9}},{"start":{"line":28,"column":8},"end":{"line":43,"column":9}},{"start":{"line":44,"column":8},"end":{"line":58,"column":9}},{"start":{"line":59,"column":8},"end":{"line":83,"column":9}},{"start":{"line":84,"column":8},"end":{"line":89,"column":9}},{"start":{"line":90,"column":8},"end":{"line":91,"column":25}}],"line":16},"2":{"loc":{"start":{"line":32,"column":12},"end":{"line":37,"column":13}},"type":"if","locations":[{"start":{"line":32,"column":12},"end":{"line":37,"column":13}},{"start":{"line":32,"column":12},"end":{"line":37,"column":13}}],"line":32},"3":{"loc":{"start":{"line":48,"column":12},"end":{"line":52,"column":13}},"type":"if","locations":[{"start":{"line":48,"column":12},"end":{"line":52,"column":13}},{"start":{"line":48,"column":12},"end":{"line":52,"column":13}}],"line":48},"4":{"loc":{"start":{"line":64,"column":12},"end":{"line":73,"column":13}},"type":"if","locations":[{"start":{"line":64,"column":12},"end":{"line":73,"column":13}},{"start":{"line":64,"column":12},"end":{"line":73,"column":13}}],"line":64},"5":{"loc":{"start":{"line":66,"column":27},"end":{"line":66,"column":71}},"type":"cond-expr","locations":[{"start":{"line":66,"column":66},"end":{"line":66,"column":67}},{"start":{"line":66,"column":70},"end":{"line":66,"column":71}}],"line":66},"6":{"loc":{"start":{"line":76,"column":23},"end":{"line":76,"column":67}},"type":"cond-expr","locations":[{"start":{"line":76,"column":62},"end":{"line":76,"column":63}},{"start":{"line":76,"column":66},"end":{"line":76,"column":67}}],"line":76},"7":{"loc":{"start":{"line":97,"column":8},"end":{"line":100,"column":9}},"type":"if","locations":[{"start":{"line":97,"column":8},"end":{"line":100,"column":9}},{"start":{"line":97,"column":8},"end":{"line":100,"column":9}}],"line":97}},"s":{"0":8,"1":8,"2":341,"3":118,"4":118,"5":8,"6":38,"7":8,"8":38,"9":8,"10":4,"11":4,"12":18,"13":74,"14":18,"15":74,"16":18,"17":9,"18":9,"19":18,"20":10,"21":33,"22":10,"23":33,"24":10,"25":5,"26":14,"27":5,"28":5,"29":13,"30":5,"31":8,"32":179,"33":8,"34":36,"35":28,"36":8,"37":8},"f":{"0":341,"1":38,"2":38,"3":74,"4":74,"5":33,"6":33,"7":14,"8":13,"9":8,"10":36},"b":{"0":[60],"1":[118,8,18,10,8,179],"2":[4,4],"3":[9,9],"4":[5,5],"5":[6,8],"6":[5,8],"7":[28,8]},"_coverageSchema":"43e27e138ebf9cfc5966b082cf9a028302ed4184","hash":"883ec68df53a21e0fbc4c4d8227648c04e83c713"}
,"C:\\Users\\v-kealoi\\Documents\\DEV\\react-native-dualscreen\\twopane-navigation\\packages\\twopane-navigation\\src\\Shared\\screenStore\\keyStore\\key.selector.ts": {"path":"C:\\Users\\v-kealoi\\Documents\\DEV\\react-native-dualscreen\\twopane-navigation\\packages\\twopane-navigation\\src\\Shared\\screenStore\\keyStore\\key.selector.ts","statementMap":{"0":{"start":{"line":5,"column":33},"end":{"line":7,"column":1}},"1":{"start":{"line":6,"column":4},"end":{"line":6,"column":70}},"2":{"start":{"line":6,"column":51},"end":{"line":6,"column":68}}},"fnMap":{"0":{"name":"(anonymous_0)","decl":{"start":{"line":5,"column":33},"end":{"line":5,"column":34}},"loc":{"start":{"line":5,"column":50},"end":{"line":7,"column":1}},"line":5},"1":{"name":"(anonymous_1)","decl":{"start":{"line":6,"column":23},"end":{"line":6,"column":24}},"loc":{"start":{"line":6,"column":51},"end":{"line":6,"column":68}},"line":6}},"branchMap":{},"s":{"0":1,"1":2,"2":11},"f":{"0":2,"1":11},"b":{},"_coverageSchema":"43e27e138ebf9cfc5966b082cf9a028302ed4184","hash":"8066f90fe3c7cc62cf17b17559ded056ee7e221e"}
,"C:\\Users\\v-kealoi\\Documents\\DEV\\react-native-dualscreen\\twopane-navigation\\packages\\twopane-navigation\\src\\Shared\\screenStore\\keyStore\\key.types.ts": {"path":"C:\\Users\\v-kealoi\\Documents\\DEV\\react-native-dualscreen\\twopane-navigation\\packages\\twopane-navigation\\src\\Shared\\screenStore\\keyStore\\key.types.ts","statementMap":{"0":{"start":{"line":1,"column":32},"end":{"line":1,"column":42}},"1":{"start":{"line":3,"column":40},"end":{"line":3,"column":58}},"2":{"start":{"line":5,"column":31},"end":{"line":5,"column":40}},"3":{"start":{"line":7,"column":41},"end":{"line":7,"column":54}},"4":{"start":{"line":9,"column":34},"end":{"line":9,"column":46}},"5":{"start":{"line":11,"column":41},"end":{"line":11,"column":60}}},"fnMap":{},"branchMap":{},"s":{"0":8,"1":8,"2":8,"3":8,"4":8,"5":8},"f":{},"b":{},"_coverageSchema":"43e27e138ebf9cfc5966b082cf9a028302ed4184","hash":"b7d45fd2ee7ae18b80d5ea26ccce251f7dc43f1e"}
,"C:\\Users\\v-kealoi\\Documents\\DEV\\react-native-dualscreen\\twopane-navigation\\packages\\twopane-navigation\\src\\Shared\\screenStore\\keyStore\\tests\\key.methods.helpers.tsx": {"path":"C:\\Users\\v-kealoi\\Documents\\DEV\\react-native-dualscreen\\twopane-navigation\\packages\\twopane-navigation\\src\\Shared\\screenStore\\keyStore\\tests\\key.methods.helpers.tsx","statementMap":{"0":{"start":{"line":6,"column":32},"end":{"line":15,"column":1}},"1":{"start":{"line":7,"column":4},"end":{"line":14,"column":5}},"2":{"start":{"line":20,"column":28},"end":{"line":27,"column":1}},"3":{"start":{"line":21,"column":18},"end":{"line":21,"column":73}},"4":{"start":{"line":22,"column":19},"end":{"line":22,"column":75}},"5":{"start":{"line":23,"column":18},"end":{"line":23,"column":73}},"6":{"start":{"line":24,"column":4},"end":{"line":26,"column":5}},"7":{"start":{"line":29,"column":32},"end":{"line":35,"column":1}},"8":{"start":{"line":30,"column":4},"end":{"line":34,"column":5}},"9":{"start":{"line":37,"column":33},"end":{"line":40,"column":1}},"10":{"start":{"line":38,"column":21},"end":{"line":38,"column":50}},"11":{"start":{"line":39,"column":4},"end":{"line":39,"column":98}},"12":{"start":{"line":39,"column":29},"end":{"line":39,"column":97}}},"fnMap":{"0":{"name":"(anonymous_0)","decl":{"start":{"line":6,"column":32},"end":{"line":6,"column":33}},"loc":{"start":{"line":6,"column":111},"end":{"line":15,"column":1}},"line":6},"1":{"name":"(anonymous_1)","decl":{"start":{"line":20,"column":28},"end":{"line":20,"column":29}},"loc":{"start":{"line":20,"column":104},"end":{"line":27,"column":1}},"line":20},"2":{"name":"(anonymous_2)","decl":{"start":{"line":29,"column":32},"end":{"line":29,"column":33}},"loc":{"start":{"line":29,"column":97},"end":{"line":35,"column":1}},"line":29},"3":{"name":"(anonymous_3)","decl":{"start":{"line":37,"column":33},"end":{"line":37,"column":34}},"loc":{"start":{"line":37,"column":73},"end":{"line":40,"column":1}},"line":37},"4":{"name":"(anonymous_4)","decl":{"start":{"line":39,"column":22},"end":{"line":39,"column":23}},"loc":{"start":{"line":39,"column":29},"end":{"line":39,"column":97}},"line":39}},"branchMap":{"0":{"loc":{"start":{"line":20,"column":65},"end":{"line":20,"column":88}},"type":"default-arg","locations":[{"start":{"line":20,"column":86},"end":{"line":20,"column":88}}],"line":20}},"s":{"0":3,"1":8,"2":3,"3":40,"4":40,"5":40,"6":40,"7":3,"8":152,"9":3,"10":24,"11":24,"12":72},"f":{"0":8,"1":40,"2":152,"3":24,"4":72},"b":{"0":[26]},"_coverageSchema":"43e27e138ebf9cfc5966b082cf9a028302ed4184","hash":"f9a018a225eb951b3320b679f61e8aee81f88130"}
,"C:\\Users\\v-kealoi\\Documents\\DEV\\react-native-dualscreen\\twopane-navigation\\packages\\twopane-navigation\\src\\Shared\\screenStore\\paneElementStore\\paneElement.action.ts": {"path":"C:\\Users\\v-kealoi\\Documents\\DEV\\react-native-dualscreen\\twopane-navigation\\packages\\twopane-navigation\\src\\Shared\\screenStore\\paneElementStore\\paneElement.action.ts","statementMap":{"0":{"start":{"line":6,"column":27},"end":{"line":15,"column":2}},"1":{"start":{"line":9,"column":26},"end":{"line":15,"column":1}},"2":{"start":{"line":17,"column":34},"end":{"line":26,"column":2}},"3":{"start":{"line":20,"column":26},"end":{"line":26,"column":1}},"4":{"start":{"line":29,"column":38},"end":{"line":36,"column":2}},"5":{"start":{"line":31,"column":22},"end":{"line":36,"column":1}}},"fnMap":{"0":{"name":"(anonymous_0)","decl":{"start":{"line":6,"column":27},"end":{"line":6,"column":28}},"loc":{"start":{"line":9,"column":26},"end":{"line":15,"column":1}},"line":9},"1":{"name":"(anonymous_1)","decl":{"start":{"line":17,"column":34},"end":{"line":17,"column":35}},"loc":{"start":{"line":20,"column":26},"end":{"line":26,"column":1}},"line":20},"2":{"name":"(anonymous_2)","decl":{"start":{"line":29,"column":38},"end":{"line":29,"column":39}},"loc":{"start":{"line":31,"column":22},"end":{"line":36,"column":1}},"line":31}},"branchMap":{},"s":{"0":5,"1":34,"2":5,"3":10,"4":5,"5":18},"f":{"0":34,"1":10,"2":18},"b":{},"_coverageSchema":"43e27e138ebf9cfc5966b082cf9a028302ed4184","hash":"9c21ed0e546f5b635034d02a24bf2c25074d931b"}
,"C:\\Users\\v-kealoi\\Documents\\DEV\\react-native-dualscreen\\twopane-navigation\\packages\\twopane-navigation\\src\\Shared\\screenStore\\paneElementStore\\paneElement.reducer.ts": {"path":"C:\\Users\\v-kealoi\\Documents\\DEV\\react-native-dualscreen\\twopane-navigation\\packages\\twopane-navigation\\src\\Shared\\screenStore\\paneElementStore\\paneElement.reducer.ts","statementMap":{"0":{"start":{"line":5,"column":40},"end":{"line":7,"column":1}},"1":{"start":{"line":9,"column":27},"end":{"line":46,"column":1}},"2":{"start":{"line":13,"column":4},"end":{"line":45,"column":5}},"3":{"start":{"line":15,"column":12},"end":{"line":21,"column":14}},"4":{"start":{"line":24,"column":27},"end":{"line":24,"column":67}},"5":{"start":{"line":25,"column":12},"end":{"line":27,"column":13}},"6":{"start":{"line":26,"column":16},"end":{"line":26,"column":36}},"7":{"start":{"line":28,"column":12},"end":{"line":34,"column":14}},"8":{"start":{"line":39,"column":28},"end":{"line":39,"column":33}},"9":{"start":{"line":40,"column":12},"end":{"line":40,"column":60}},"10":{"start":{"line":41,"column":12},"end":{"line":41,"column":33}},"11":{"start":{"line":44,"column":12},"end":{"line":44,"column":25}}},"fnMap":{"0":{"name":"(anonymous_0)","decl":{"start":{"line":9,"column":27},"end":{"line":9,"column":28}},"loc":{"start":{"line":12,"column":24},"end":{"line":46,"column":1}},"line":12}},"branchMap":{"0":{"loc":{"start":{"line":10,"column":4},"end":{"line":10,"column":43}},"type":"default-arg","locations":[{"start":{"line":10,"column":31},"end":{"line":10,"column":43}}],"line":10},"1":{"loc":{"start":{"line":13,"column":4},"end":{"line":45,"column":5}},"type":"switch","locations":[{"start":{"line":14,"column":8},"end":{"line":22,"column":9}},{"start":{"line":23,"column":8},"end":{"line":36,"column":9}},{"start":{"line":37,"column":8},"end":{"line":42,"column":9}},{"start":{"line":43,"column":8},"end":{"line":44,"column":25}}],"line":13},"2":{"loc":{"start":{"line":25,"column":12},"end":{"line":27,"column":13}},"type":"if","locations":[{"start":{"line":25,"column":12},"end":{"line":27,"column":13}},{"start":{"line":25,"column":12},"end":{"line":27,"column":13}}],"line":25}},"s":{"0":8,"1":8,"2":341,"3":34,"4":10,"5":10,"6":5,"7":5,"8":18,"9":18,"10":18,"11":279},"f":{"0":341},"b":{"0":[60],"1":[34,10,18,279],"2":[5,5]},"_coverageSchema":"43e27e138ebf9cfc5966b082cf9a028302ed4184","hash":"45d5325af92d08144c9b1c532ceb25b7d12a87da"}
,"C:\\Users\\v-kealoi\\Documents\\DEV\\react-native-dualscreen\\twopane-navigation\\packages\\twopane-navigation\\src\\Shared\\screenStore\\paneElementStore\\paneElement.selectors.ts": {"path":"C:\\Users\\v-kealoi\\Documents\\DEV\\react-native-dualscreen\\twopane-navigation\\packages\\twopane-navigation\\src\\Shared\\screenStore\\paneElementStore\\paneElement.selectors.ts","statementMap":{"0":{"start":{"line":5,"column":38},"end":{"line":7,"column":1}},"1":{"start":{"line":6,"column":4},"end":{"line":6,"column":77}},"2":{"start":{"line":6,"column":51},"end":{"line":6,"column":75}}},"fnMap":{"0":{"name":"(anonymous_0)","decl":{"start":{"line":5,"column":38},"end":{"line":5,"column":39}},"loc":{"start":{"line":5,"column":63},"end":{"line":7,"column":1}},"line":5},"1":{"name":"(anonymous_1)","decl":{"start":{"line":6,"column":23},"end":{"line":6,"column":24}},"loc":{"start":{"line":6,"column":51},"end":{"line":6,"column":75}},"line":6}},"branchMap":{},"s":{"0":1,"1":2,"2":11},"f":{"0":2,"1":11},"b":{},"_coverageSchema":"43e27e138ebf9cfc5966b082cf9a028302ed4184","hash":"d70efbead24010d9417e0117b2a8bb511c679b20"}
,"C:\\Users\\v-kealoi\\Documents\\DEV\\react-native-dualscreen\\twopane-navigation\\packages\\twopane-navigation\\src\\Shared\\screenStore\\paneElementStore\\paneElement.types.ts": {"path":"C:\\Users\\v-kealoi\\Documents\\DEV\\react-native-dualscreen\\twopane-navigation\\packages\\twopane-navigation\\src\\Shared\\screenStore\\paneElementStore\\paneElement.types.ts","statementMap":{"0":{"start":{"line":1,"column":41},"end":{"line":1,"column":60}},"1":{"start":{"line":3,"column":47},"end":{"line":3,"column":72}},"2":{"start":{"line":5,"column":44},"end":{"line":5,"column":66}}},"fnMap":{},"branchMap":{},"s":{"0":8,"1":8,"2":8},"f":{},"b":{},"_coverageSchema":"43e27e138ebf9cfc5966b082cf9a028302ed4184","hash":"4970739bb3c4528bc65ecfd451c6dcbbbbe711b5"}
,"C:\\Users\\v-kealoi\\Documents\\DEV\\react-native-dualscreen\\twopane-navigation\\packages\\twopane-navigation\\src\\Shared\\screenStore\\paneElementStore\\tests\\paneElement.methods.helpers.tsx": {"path":"C:\\Users\\v-kealoi\\Documents\\DEV\\react-native-dualscreen\\twopane-navigation\\packages\\twopane-navigation\\src\\Shared\\screenStore\\paneElementStore\\tests\\paneElement.methods.helpers.tsx","statementMap":{"0":{"start":{"line":4,"column":40},"end":{"line":12,"column":1}},"1":{"start":{"line":5,"column":4},"end":{"line":11,"column":5}},"2":{"start":{"line":16,"column":40},"end":{"line":20,"column":1}},"3":{"start":{"line":17,"column":4},"end":{"line":19,"column":5}}},"fnMap":{"0":{"name":"(anonymous_0)","decl":{"start":{"line":4,"column":40},"end":{"line":4,"column":41}},"loc":{"start":{"line":4,"column":124},"end":{"line":12,"column":1}},"line":4},"1":{"name":"(anonymous_1)","decl":{"start":{"line":16,"column":40},"end":{"line":16,"column":41}},"loc":{"start":{"line":16,"column":104},"end":{"line":20,"column":1}},"line":16}},"branchMap":{},"s":{"0":3,"1":8,"2":3,"3":4},"f":{"0":8,"1":4},"b":{},"_coverageSchema":"43e27e138ebf9cfc5966b082cf9a028302ed4184","hash":"07ced5c1e97f8e742ac571f3129c0ff1e57939f0"}
,"C:\\Users\\v-kealoi\\Documents\\DEV\\react-native-dualscreen\\twopane-navigation\\packages\\twopane-navigation\\src\\Shared\\utilityStore\\utilityStore.actions.ts": {"path":"C:\\Users\\v-kealoi\\Documents\\DEV\\react-native-dualscreen\\twopane-navigation\\packages\\twopane-navigation\\src\\Shared\\utilityStore\\utilityStore.actions.ts","statementMap":{"0":{"start":{"line":4,"column":31},"end":{"line":10,"column":6}},"1":{"start":{"line":5,"column":28},"end":{"line":10,"column":5}}},"fnMap":{"0":{"name":"(anonymous_0)","decl":{"start":{"line":4,"column":31},"end":{"line":4,"column":32}},"loc":{"start":{"line":5,"column":28},"end":{"line":10,"column":5}},"line":5}},"branchMap":{},"s":{"0":2,"1":3},"f":{"0":3},"b":{},"_coverageSchema":"43e27e138ebf9cfc5966b082cf9a028302ed4184","hash":"2fa85268184709ac1f9556a07f1d81a2c432d987"}
,"C:\\Users\\v-kealoi\\Documents\\DEV\\react-native-dualscreen\\twopane-navigation\\packages\\twopane-navigation\\src\\Shared\\utilityStore\\utilityStore.methods.ts": {"path":"C:\\Users\\v-kealoi\\Documents\\DEV\\react-native-dualscreen\\twopane-navigation\\packages\\twopane-navigation\\src\\Shared\\utilityStore\\utilityStore.methods.ts","statementMap":{"0":{"start":{"line":4,"column":18},"end":{"line":6,"column":1}},"1":{"start":{"line":5,"column":4},"end":{"line":5,"column":47}},"2":{"start":{"line":8,"column":26},"end":{"line":10,"column":1}},"3":{"start":{"line":14,"column":39},"end":{"line":14,"column":56}}},"fnMap":{"0":{"name":"(anonymous_0)","decl":{"start":{"line":4,"column":18},"end":{"line":4,"column":19}},"loc":{"start":{"line":4,"column":42},"end":{"line":6,"column":1}},"line":4}},"branchMap":{},"s":{"0":1,"1":1,"2":1,"3":1},"f":{"0":1},"b":{},"_coverageSchema":"43e27e138ebf9cfc5966b082cf9a028302ed4184","hash":"2bf7bd6004f3992896a6779bcc2d2dd55d2643bd"}
,"C:\\Users\\v-kealoi\\Documents\\DEV\\react-native-dualscreen\\twopane-navigation\\packages\\twopane-navigation\\src\\Shared\\utilityStore\\utilityStore.reducer.ts": {"path":"C:\\Users\\v-kealoi\\Documents\\DEV\\react-native-dualscreen\\twopane-navigation\\packages\\twopane-navigation\\src\\Shared\\utilityStore\\utilityStore.reducer.ts","statementMap":{"0":{"start":{"line":3,"column":41},"end":{"line":5,"column":1}},"1":{"start":{"line":7,"column":28},"end":{"line":20,"column":1}},"2":{"start":{"line":11,"column":4},"end":{"line":19,"column":5}},"3":{"start":{"line":13,"column":12},"end":{"line":15,"column":14}},"4":{"start":{"line":18,"column":12},"end":{"line":18,"column":25}}},"fnMap":{"0":{"name":"(anonymous_0)","decl":{"start":{"line":7,"column":28},"end":{"line":7,"column":29}},"loc":{"start":{"line":10,"column":25},"end":{"line":20,"column":1}},"line":10}},"branchMap":{"0":{"loc":{"start":{"line":8,"column":4},"end":{"line":8,"column":44}},"type":"default-arg","locations":[{"start":{"line":8,"column":32},"end":{"line":8,"column":44}}],"line":8},"1":{"loc":{"start":{"line":11,"column":4},"end":{"line":19,"column":5}},"type":"switch","locations":[{"start":{"line":12,"column":8},"end":{"line":16,"column":9}},{"start":{"line":17,"column":8},"end":{"line":18,"column":25}}],"line":11}},"s":{"0":8,"1":8,"2":341,"3":3,"4":338},"f":{"0":341},"b":{"0":[60],"1":[3,338]},"_coverageSchema":"43e27e138ebf9cfc5966b082cf9a028302ed4184","hash":"3726841cdb7a909b310c6a7f619c994fb53a7590"}
,"C:\\Users\\v-kealoi\\Documents\\DEV\\react-native-dualscreen\\twopane-navigation\\packages\\twopane-navigation\\src\\Shared\\utilityStore\\utilityStore.types.ts": {"path":"C:\\Users\\v-kealoi\\Documents\\DEV\\react-native-dualscreen\\twopane-navigation\\packages\\twopane-navigation\\src\\Shared\\utilityStore\\utilityStore.types.ts","statementMap":{"0":{"start":{"line":1,"column":34},"end":{"line":1,"column":46}}},"fnMap":{},"branchMap":{},"s":{"0":8},"f":{},"b":{},"_coverageSchema":"43e27e138ebf9cfc5966b082cf9a028302ed4184","hash":"a5d85d5e7c91518bc9b27b7c3f9a4bbe78a1007e"}
,"C:\\Users\\v-kealoi\\Documents\\DEV\\react-native-dualscreen\\twopane-navigation\\packages\\twopane-navigation\\src\\components\\paneHeader\\PaneHeader.style.ts": {"path":"C:\\Users\\v-kealoi\\Documents\\DEV\\react-native-dualscreen\\twopane-navigation\\packages\\twopane-navigation\\src\\components\\paneHeader\\PaneHeader.style.ts","statementMap":{"0":{"start":{"line":3,"column":32},"end":{"line":19,"column":2}}},"fnMap":{},"branchMap":{},"s":{"0":1},"f":{},"b":{},"_coverageSchema":"43e27e138ebf9cfc5966b082cf9a028302ed4184","hash":"fb377e56d2f4a7354e12cc477cc72a10920b51d1"}
,"C:\\Users\\v-kealoi\\Documents\\DEV\\react-native-dualscreen\\twopane-navigation\\packages\\twopane-navigation\\src\\components\\paneHeader\\PaneHeader.tsx": {"path":"C:\\Users\\v-kealoi\\Documents\\DEV\\react-native-dualscreen\\twopane-navigation\\packages\\twopane-navigation\\src\\components\\paneHeader\\PaneHeader.tsx","statementMap":{"0":{"start":{"line":6,"column":19},"end":{"line":29,"column":1}},"1":{"start":{"line":7,"column":2},"end":{"line":28,"column":4}},"2":{"start":{"line":15,"column":27},"end":{"line":15,"column":46}}},"fnMap":{"0":{"name":"(anonymous_0)","decl":{"start":{"line":6,"column":19},"end":{"line":6,"column":20}},"loc":{"start":{"line":6,"column":48},"end":{"line":29,"column":1}},"line":6},"1":{"name":"(anonymous_1)","decl":{"start":{"line":15,"column":21},"end":{"line":15,"column":22}},"loc":{"start":{"line":15,"column":27},"end":{"line":15,"column":46}},"line":15}},"branchMap":{"0":{"loc":{"start":{"line":11,"column":7},"end":{"line":20,"column":7}},"type":"binary-expr","locations":[{"start":{"line":11,"column":7},"end":{"line":11,"column":37}},{"start":{"line":12,"column":8},"end":{"line":19,"column":19}}],"line":11}},"s":{"0":1,"1":2,"2":0},"f":{"0":2,"1":0},"b":{"0":[2,0]},"_coverageSchema":"43e27e138ebf9cfc5966b082cf9a028302ed4184","hash":"eaee8bb02cfe20e0976a9bb88d2dcc98b97e9b87"}
,"C:\\Users\\v-kealoi\\Documents\\DEV\\react-native-dualscreen\\twopane-navigation\\packages\\twopane-navigation\\src\\components\\paneHeaderContainer\\PaneHeaderContainer.style.ts": {"path":"C:\\Users\\v-kealoi\\Documents\\DEV\\react-native-dualscreen\\twopane-navigation\\packages\\twopane-navigation\\src\\components\\paneHeaderContainer\\PaneHeaderContainer.style.ts","statementMap":{"0":{"start":{"line":3,"column":41},"end":{"line":8,"column":2}}},"fnMap":{},"branchMap":{},"s":{"0":1},"f":{},"b":{},"_coverageSchema":"43e27e138ebf9cfc5966b082cf9a028302ed4184","hash":"08b8b69c9598bf19efc62b80f920062a131d7124"}
,"C:\\Users\\v-kealoi\\Documents\\DEV\\react-native-dualscreen\\twopane-navigation\\packages\\twopane-navigation\\src\\components\\paneHeaderContainer\\PaneHeaderContainer.tsx": {"path":"C:\\Users\\v-kealoi\\Documents\\DEV\\react-native-dualscreen\\twopane-navigation\\packages\\twopane-navigation\\src\\components\\paneHeaderContainer\\PaneHeaderContainer.tsx","statementMap":{"0":{"start":{"line":14,"column":28},"end":{"line":58,"column":1}},"1":{"start":{"line":16,"column":47},"end":{"line":16,"column":52}},"2":{"start":{"line":18,"column":4},"end":{"line":57,"column":5}},"3":{"start":{"line":36,"column":38},"end":{"line":36,"column":47}}},"fnMap":{"0":{"name":"(anonymous_0)","decl":{"start":{"line":14,"column":28},"end":{"line":14,"column":29}},"loc":{"start":{"line":14,"column":66},"end":{"line":58,"column":1}},"line":14},"1":{"name":"(anonymous_1)","decl":{"start":{"line":36,"column":30},"end":{"line":36,"column":31}},"loc":{"start":{"line":36,"column":36},"end":{"line":36,"column":49}},"line":36}},"branchMap":{"0":{"loc":{"start":{"line":20,"column":13},"end":{"line":55,"column":17}},"type":"cond-expr","locations":[{"start":{"line":21,"column":16},"end":{"line":38,"column":18}},{"start":{"line":41,"column":20},"end":{"line":54,"column":22}}],"line":20},"1":{"loc":{"start":{"line":27,"column":24},"end":{"line":31,"column":29}},"type":"cond-expr","locations":[{"start":{"line":28,"column":28},"end":{"line":28,"column":50}},{"start":{"line":30,"column":32},"end":{"line":30,"column":88}}],"line":27},"2":{"loc":{"start":{"line":34,"column":24},"end":{"line":36,"column":49}},"type":"cond-expr","locations":[{"start":{"line":35,"column":30},"end":{"line":35,"column":53}},{"start":{"line":36,"column":30},"end":{"line":36,"column":49}}],"line":34},"3":{"loc":{"start":{"line":47,"column":28},"end":{"line":48,"column":50}},"type":"binary-expr","locations":[{"start":{"line":47,"column":28},"end":{"line":47,"column":50}},{"start":{"line":48,"column":28},"end":{"line":48,"column":50}}],"line":47},"4":{"loc":{"start":{"line":51,"column":28},"end":{"line":52,"column":51}},"type":"binary-expr","locations":[{"start":{"line":51,"column":28},"end":{"line":51,"column":51}},{"start":{"line":52,"column":28},"end":{"line":52,"column":51}}],"line":51}},"s":{"0":1,"1":2,"2":2,"3":0},"f":{"0":2,"1":0},"b":{"0":[0,2],"1":[0,0],"2":[0,0],"3":[2,0],"4":[2,0]},"_coverageSchema":"43e27e138ebf9cfc5966b082cf9a028302ed4184","hash":"7b49d2b9b8be45b65c41f19f19194563d120d161"}
,"C:\\Users\\v-kealoi\\Documents\\DEV\\react-native-dualscreen\\twopane-navigation\\packages\\twopane-navigation\\src\\components\\paneOverlay\\PaneOverlay.styles.ts": {"path":"C:\\Users\\v-kealoi\\Documents\\DEV\\react-native-dualscreen\\twopane-navigation\\packages\\twopane-navigation\\src\\components\\paneOverlay\\PaneOverlay.styles.ts","statementMap":{"0":{"start":{"line":3,"column":33},"end":{"line":19,"column":2}}},"fnMap":{},"branchMap":{},"s":{"0":1},"f":{},"b":{},"_coverageSchema":"43e27e138ebf9cfc5966b082cf9a028302ed4184","hash":"5eae437fd3564de647a6cad023d821a23c814f43"}
,"C:\\Users\\v-kealoi\\Documents\\DEV\\react-native-dualscreen\\twopane-navigation\\packages\\twopane-navigation\\src\\components\\paneOverlay\\PaneOverlay.tsx": {"path":"C:\\Users\\v-kealoi\\Documents\\DEV\\react-native-dualscreen\\twopane-navigation\\packages\\twopane-navigation\\src\\components\\paneOverlay\\PaneOverlay.tsx","statementMap":{"0":{"start":{"line":31,"column":20},"end":{"line":57,"column":1}},"1":{"start":{"line":32,"column":2},"end":{"line":56,"column":4}},"2":{"start":{"line":39,"column":14},"end":{"line":46,"column":15}},"3":{"start":{"line":42,"column":16},"end":{"line":45,"column":17}},"4":{"start":{"line":44,"column":18},"end":{"line":44,"column":44}}},"fnMap":{"0":{"name":"(anonymous_0)","decl":{"start":{"line":31,"column":20},"end":{"line":31,"column":21}},"loc":{"start":{"line":31,"column":50},"end":{"line":57,"column":1}},"line":31},"1":{"name":"(anonymous_1)","decl":{"start":{"line":37,"column":31},"end":{"line":37,"column":32}},"loc":{"start":{"line":37,"column":40},"end":{"line":47,"column":13}},"line":37}},"branchMap":{"0":{"loc":{"start":{"line":34,"column":7},"end":{"line":54,"column":7}},"type":"binary-expr","locations":[{"start":{"line":34,"column":7},"end":{"line":34,"column":22}},{"start":{"line":35,"column":8},"end":{"line":53,"column":17}}],"line":34},"1":{"loc":{"start":{"line":39,"column":14},"end":{"line":46,"column":15}},"type":"if","locations":[{"start":{"line":39,"column":14},"end":{"line":46,"column":15}},{"start":{"line":39,"column":14},"end":{"line":46,"column":15}}],"line":39},"2":{"loc":{"start":{"line":42,"column":16},"end":{"line":45,"column":17}},"type":"if","locations":[{"start":{"line":42,"column":16},"end":{"line":45,"column":17}},{"start":{"line":42,"column":16},"end":{"line":45,"column":17}}],"line":42}},"s":{"0":1,"1":1,"2":0,"3":0,"4":0},"f":{"0":1,"1":0},"b":{"0":[1,1],"1":[0,0],"2":[0,0]},"_coverageSchema":"43e27e138ebf9cfc5966b082cf9a028302ed4184","hash":"f4b656105921bb5f9adf4af35f709f96b4f0f96e"}
,"C:\\Users\\v-kealoi\\Documents\\DEV\\react-native-dualscreen\\twopane-navigation\\packages\\twopane-navigation\\src\\components\\paneRenderer\\PaneRenderer.tsx": {"path":"C:\\Users\\v-kealoi\\Documents\\DEV\\react-native-dualscreen\\twopane-navigation\\packages\\twopane-navigation\\src\\components\\paneRenderer\\PaneRenderer.tsx","statementMap":{"0":{"start":{"line":13,"column":23},"end":{"line":40,"column":1}},"1":{"start":{"line":14,"column":44},"end":{"line":14,"column":49}},"2":{"start":{"line":16,"column":24},"end":{"line":16,"column":89}},"3":{"start":{"line":16,"column":52},"end":{"line":16,"column":77}},"4":{"start":{"line":17,"column":24},"end":{"line":17,"column":89}},"5":{"start":{"line":17,"column":52},"end":{"line":17,"column":77}},"6":{"start":{"line":18,"column":4},"end":{"line":39,"column":5}},"7":{"start":{"line":22,"column":20},"end":{"line":35,"column":27}},"8":{"start":{"line":28,"column":47},"end":{"line":28,"column":112}},"9":{"start":{"line":42,"column":29},"end":{"line":63,"column":2}}},"fnMap":{"0":{"name":"(anonymous_0)","decl":{"start":{"line":13,"column":23},"end":{"line":13,"column":24}},"loc":{"start":{"line":13,"column":56},"end":{"line":40,"column":1}},"line":13},"1":{"name":"(anonymous_1)","decl":{"start":{"line":16,"column":47},"end":{"line":16,"column":48}},"loc":{"start":{"line":16,"column":52},"end":{"line":16,"column":77}},"line":16},"2":{"name":"(anonymous_2)","decl":{"start":{"line":17,"column":47},"end":{"line":17,"column":48}},"loc":{"start":{"line":17,"column":52},"end":{"line":17,"column":77}},"line":17},"3":{"name":"(anonymous_3)","decl":{"start":{"line":21,"column":36},"end":{"line":21,"column":37}},"loc":{"start":{"line":22,"column":20},"end":{"line":35,"column":27}},"line":22},"4":{"name":"(anonymous_4)","decl":{"start":{"line":28,"column":40},"end":{"line":28,"column":41}},"loc":{"start":{"line":28,"column":47},"end":{"line":28,"column":112}},"line":28}},"branchMap":{"0":{"loc":{"start":{"line":23,"column":65},"end":{"line":23,"column":150}},"type":"cond-expr","locations":[{"start":{"line":23,"column":95},"end":{"line":23,"column":121}},{"start":{"line":23,"column":124},"end":{"line":23,"column":150}}],"line":23},"1":{"loc":{"start":{"line":26,"column":43},"end":{"line":26,"column":98}},"type":"cond-expr","locations":[{"start":{"line":26,"column":73},"end":{"line":26,"column":84}},{"start":{"line":26,"column":87},"end":{"line":26,"column":98}}],"line":26},"2":{"loc":{"start":{"line":28,"column":47},"end":{"line":28,"column":112}},"type":"cond-expr","locations":[{"start":{"line":28,"column":77},"end":{"line":28,"column":93}},{"start":{"line":28,"column":96},"end":{"line":28,"column":112}}],"line":28}},"s":{"0":1,"1":2,"2":2,"3":2,"4":2,"5":2,"6":2,"7":2,"8":0,"9":1},"f":{"0":2,"1":2,"2":2,"3":2,"4":0},"b":{"0":[1,1],"1":[1,1],"2":[0,0]},"_coverageSchema":"43e27e138ebf9cfc5966b082cf9a028302ed4184","hash":"ed80270a776096c8f837ac08fcde85bc3e1f2aaa"}
,"C:\\Users\\v-kealoi\\Documents\\DEV\\react-native-dualscreen\\twopane-navigation\\packages\\twopane-navigation\\src\\components\\twoPaneApp\\TwoPaneApp.tsx": {"path":"C:\\Users\\v-kealoi\\Documents\\DEV\\react-native-dualscreen\\twopane-navigation\\packages\\twopane-navigation\\src\\components\\twoPaneApp\\TwoPaneApp.tsx","statementMap":{"0":{"start":{"line":11,"column":19},"end":{"line":38,"column":1}},"1":{"start":{"line":13,"column":22},"end":{"line":13,"column":55}},"2":{"start":{"line":15,"column":37},"end":{"line":15,"column":109}},"3":{"start":{"line":15,"column":61},"end":{"line":15,"column":108}},"4":{"start":{"line":16,"column":37},"end":{"line":16,"column":109}},"5":{"start":{"line":16,"column":61},"end":{"line":16,"column":108}},"6":{"start":{"line":18,"column":2},"end":{"line":23,"column":9}},"7":{"start":{"line":19,"column":4},"end":{"line":22,"column":5}},"8":{"start":{"line":20,"column":6},"end":{"line":20,"column":113}},"9":{"start":{"line":21,"column":6},"end":{"line":21,"column":113}},"10":{"start":{"line":25,"column":2},"end":{"line":37,"column":4}}},"fnMap":{"0":{"name":"(anonymous_0)","decl":{"start":{"line":11,"column":19},"end":{"line":11,"column":20}},"loc":{"start":{"line":11,"column":48},"end":{"line":38,"column":1}},"line":11},"1":{"name":"(anonymous_1)","decl":{"start":{"line":15,"column":54},"end":{"line":15,"column":55}},"loc":{"start":{"line":15,"column":61},"end":{"line":15,"column":108}},"line":15},"2":{"name":"(anonymous_2)","decl":{"start":{"line":16,"column":54},"end":{"line":16,"column":55}},"loc":{"start":{"line":16,"column":61},"end":{"line":16,"column":108}},"line":16},"3":{"name":"(anonymous_3)","decl":{"start":{"line":18,"column":12},"end":{"line":18,"column":13}},"loc":{"start":{"line":18,"column":18},"end":{"line":23,"column":3}},"line":18}},"branchMap":{"0":{"loc":{"start":{"line":19,"column":4},"end":{"line":22,"column":5}},"type":"if","locations":[{"start":{"line":19,"column":4},"end":{"line":22,"column":5}},{"start":{"line":19,"column":4},"end":{"line":22,"column":5}}],"line":19},"1":{"loc":{"start":{"line":19,"column":8},"end":{"line":19,"column":48}},"type":"binary-expr","locations":[{"start":{"line":19,"column":8},"end":{"line":19,"column":26}},{"start":{"line":19,"column":30},"end":{"line":19,"column":48}}],"line":19},"2":{"loc":{"start":{"line":28,"column":9},"end":{"line":34,"column":11}},"type":"cond-expr","locations":[{"start":{"line":29,"column":10},"end":{"line":29,"column":35}},{"start":{"line":31,"column":12},"end":{"line":33,"column":23}}],"line":28}},"s":{"0":1,"1":1,"2":1,"3":0,"4":1,"5":0,"6":1,"7":1,"8":1,"9":1,"10":1},"f":{"0":1,"1":0,"2":0,"3":1},"b":{"0":[1,0],"1":[1,1],"2":[0,1]},"_coverageSchema":"43e27e138ebf9cfc5966b082cf9a028302ed4184","hash":"5e429f426ac7e4fdb02cd2e97f63377b6dbabd05"}
,"C:\\Users\\v-kealoi\\Documents\\DEV\\react-native-dualscreen\\twopane-navigation\\packages\\twopane-navigation\\src\\components\\twoPaneHub\\TwoPaneHub.tsx": {"path":"C:\\Users\\v-kealoi\\Documents\\DEV\\react-native-dualscreen\\twopane-navigation\\packages\\twopane-navigation\\src\\components\\twoPaneHub\\TwoPaneHub.tsx","statementMap":{"0":{"start":{"line":18,"column":19},"end":{"line":62,"column":1}},"1":{"start":{"line":20,"column":49},"end":{"line":20,"column":73}},"2":{"start":{"line":21,"column":36},"end":{"line":21,"column":55}},"3":{"start":{"line":23,"column":19},"end":{"line":23,"column":38}},"4":{"start":{"line":25,"column":2},"end":{"line":32,"column":8}},"5":{"start":{"line":26,"column":4},"end":{"line":26,"column":53}},"6":{"start":{"line":27,"column":4},"end":{"line":27,"column":81}},"7":{"start":{"line":29,"column":4},"end":{"line":31,"column":5}},"8":{"start":{"line":30,"column":6},"end":{"line":30,"column":86}},"9":{"start":{"line":34,"column":40},"end":{"line":43,"column":50}},"10":{"start":{"line":35,"column":4},"end":{"line":42,"column":6}},"11":{"start":{"line":36,"column":6},"end":{"line":41,"column":7}},"12":{"start":{"line":45,"column":33},"end":{"line":52,"column":3}},"13":{"start":{"line":46,"column":4},"end":{"line":46,"column":45}},"14":{"start":{"line":47,"column":4},"end":{"line":51,"column":5}},"15":{"start":{"line":48,"column":6},"end":{"line":48,"column":38}},"16":{"start":{"line":50,"column":6},"end":{"line":50,"column":38}},"17":{"start":{"line":54,"column":2},"end":{"line":61,"column":4}}},"fnMap":{"0":{"name":"(anonymous_0)","decl":{"start":{"line":18,"column":19},"end":{"line":18,"column":20}},"loc":{"start":{"line":18,"column":25},"end":{"line":62,"column":1}},"line":18},"1":{"name":"(anonymous_1)","decl":{"start":{"line":25,"column":12},"end":{"line":25,"column":13}},"loc":{"start":{"line":25,"column":18},"end":{"line":32,"column":3}},"line":25},"2":{"name":"(anonymous_2)","decl":{"start":{"line":29,"column":11},"end":{"line":29,"column":12}},"loc":{"start":{"line":29,"column":17},"end":{"line":31,"column":5}},"line":29},"3":{"name":"(anonymous_3)","decl":{"start":{"line":34,"column":48},"end":{"line":34,"column":49}},"loc":{"start":{"line":34,"column":54},"end":{"line":43,"column":3}},"line":34},"4":{"name":"(anonymous_4)","decl":{"start":{"line":35,"column":29},"end":{"line":35,"column":30}},"loc":{"start":{"line":35,"column":45},"end":{"line":42,"column":5}},"line":35},"5":{"name":"(anonymous_5)","decl":{"start":{"line":45,"column":33},"end":{"line":45,"column":34}},"loc":{"start":{"line":45,"column":68},"end":{"line":52,"column":3}},"line":45}},"branchMap":{"0":{"loc":{"start":{"line":47,"column":4},"end":{"line":51,"column":5}},"type":"if","locations":[{"start":{"line":47,"column":4},"end":{"line":51,"column":5}},{"start":{"line":47,"column":4},"end":{"line":51,"column":5}}],"line":47}},"s":{"0":1,"1":2,"2":2,"3":2,"4":2,"5":1,"6":1,"7":1,"8":0,"9":2,"10":2,"11":2,"12":2,"13":0,"14":0,"15":0,"16":0,"17":2},"f":{"0":2,"1":1,"2":0,"3":2,"4":2,"5":0},"b":{"0":[0,0]},"_coverageSchema":"43e27e138ebf9cfc5966b082cf9a028302ed4184","hash":"c515c05e66cbdf11d3868783220c1654e6f1eb12"}
,"C:\\Users\\v-kealoi\\Documents\\DEV\\react-native-dualscreen\\twopane-navigation\\packages\\twopane-navigation\\src\\onePane\\onePaneStore\\onePane.methods.ts": {"path":"C:\\Users\\v-kealoi\\Documents\\DEV\\react-native-dualscreen\\twopane-navigation\\packages\\twopane-navigation\\src\\onePane\\onePaneStore\\onePane.methods.ts","statementMap":{"0":{"start":{"line":15,"column":12},"end":{"line":21,"column":1}},"1":{"start":{"line":16,"column":2},"end":{"line":16,"column":54}},"2":{"start":{"line":17,"column":2},"end":{"line":17,"column":65}},"3":{"start":{"line":18,"column":2},"end":{"line":20,"column":3}},"4":{"start":{"line":19,"column":4},"end":{"line":19,"column":65}},"5":{"start":{"line":27,"column":25},"end":{"line":36,"column":1}},"6":{"start":{"line":28,"column":26},"end":{"line":28,"column":54}},"7":{"start":{"line":29,"column":37},"end":{"line":29,"column":85}},"8":{"start":{"line":29,"column":59},"end":{"line":29,"column":84}},"9":{"start":{"line":31,"column":2},"end":{"line":35,"column":3}},"10":{"start":{"line":31,"column":32},"end":{"line":31,"column":68}},"11":{"start":{"line":32,"column":4},"end":{"line":32,"column":38}},"12":{"start":{"line":34,"column":4},"end":{"line":34,"column":72}},"13":{"start":{"line":41,"column":30},"end":{"line":48,"column":1}},"14":{"start":{"line":42,"column":26},"end":{"line":42,"column":54}},"15":{"start":{"line":43,"column":2},"end":{"line":47,"column":4}},"16":{"start":{"line":44,"column":4},"end":{"line":46,"column":5}},"17":{"start":{"line":45,"column":6},"end":{"line":45,"column":57}},"18":{"start":{"line":55,"column":19},"end":{"line":65,"column":1}},"19":{"start":{"line":56,"column":26},"end":{"line":56,"column":54}},"20":{"start":{"line":57,"column":37},"end":{"line":57,"column":85}},"21":{"start":{"line":57,"column":59},"end":{"line":57,"column":84}},"22":{"start":{"line":59,"column":2},"end":{"line":62,"column":3}},"23":{"start":{"line":59,"column":15},"end":{"line":59,"column":16}},"24":{"start":{"line":60,"column":4},"end":{"line":60,"column":59}},"25":{"start":{"line":61,"column":4},"end":{"line":61,"column":64}},"26":{"start":{"line":64,"column":2},"end":{"line":64,"column":43}},"27":{"start":{"line":70,"column":15},"end":{"line":78,"column":1}},"28":{"start":{"line":71,"column":26},"end":{"line":71,"column":54}},"29":{"start":{"line":72,"column":37},"end":{"line":72,"column":85}},"30":{"start":{"line":72,"column":59},"end":{"line":72,"column":84}},"31":{"start":{"line":74,"column":2},"end":{"line":74,"column":61}},"32":{"start":{"line":75,"column":2},"end":{"line":75,"column":66}},"33":{"start":{"line":76,"column":2},"end":{"line":76,"column":42}},"34":{"start":{"line":84,"column":22},"end":{"line":86,"column":1}},"35":{"start":{"line":85,"column":2},"end":{"line":85,"column":71}},"36":{"start":{"line":91,"column":22},"end":{"line":93,"column":1}},"37":{"start":{"line":92,"column":2},"end":{"line":92,"column":66}},"38":{"start":{"line":95,"column":26},"end":{"line":103,"column":1}},"39":{"start":{"line":107,"column":34},"end":{"line":107,"column":51}}},"fnMap":{"0":{"name":"(anonymous_0)","decl":{"start":{"line":15,"column":12},"end":{"line":15,"column":13}},"loc":{"start":{"line":15,"column":96},"end":{"line":21,"column":1}},"line":15},"1":{"name":"(anonymous_1)","decl":{"start":{"line":27,"column":25},"end":{"line":27,"column":26}},"loc":{"start":{"line":27,"column":115},"end":{"line":36,"column":1}},"line":27},"2":{"name":"(anonymous_2)","decl":{"start":{"line":29,"column":54},"end":{"line":29,"column":55}},"loc":{"start":{"line":29,"column":59},"end":{"line":29,"column":84}},"line":29},"3":{"name":"(anonymous_3)","decl":{"start":{"line":31,"column":25},"end":{"line":31,"column":26}},"loc":{"start":{"line":31,"column":32},"end":{"line":31,"column":68}},"line":31},"4":{"name":"(anonymous_4)","decl":{"start":{"line":41,"column":30},"end":{"line":41,"column":31}},"loc":{"start":{"line":41,"column":36},"end":{"line":48,"column":1}},"line":41},"5":{"name":"(anonymous_5)","decl":{"start":{"line":43,"column":16},"end":{"line":43,"column":17}},"loc":{"start":{"line":43,"column":23},"end":{"line":47,"column":3}},"line":43},"6":{"name":"(anonymous_6)","decl":{"start":{"line":55,"column":19},"end":{"line":55,"column":20}},"loc":{"start":{"line":55,"column":25},"end":{"line":65,"column":1}},"line":55},"7":{"name":"(anonymous_7)","decl":{"start":{"line":57,"column":54},"end":{"line":57,"column":55}},"loc":{"start":{"line":57,"column":59},"end":{"line":57,"column":84}},"line":57},"8":{"name":"(anonymous_8)","decl":{"start":{"line":70,"column":15},"end":{"line":70,"column":16}},"loc":{"start":{"line":70,"column":21},"end":{"line":78,"column":1}},"line":70},"9":{"name":"(anonymous_9)","decl":{"start":{"line":72,"column":54},"end":{"line":72,"column":55}},"loc":{"start":{"line":72,"column":59},"end":{"line":72,"column":84}},"line":72},"10":{"name":"(anonymous_10)","decl":{"start":{"line":84,"column":22},"end":{"line":84,"column":23}},"loc":{"start":{"line":84,"column":68},"end":{"line":86,"column":1}},"line":84},"11":{"name":"(anonymous_11)","decl":{"start":{"line":91,"column":22},"end":{"line":91,"column":23}},"loc":{"start":{"line":91,"column":56},"end":{"line":93,"column":1}},"line":91}},"branchMap":{"0":{"loc":{"start":{"line":15,"column":67},"end":{"line":15,"column":91}},"type":"default-arg","locations":[{"start":{"line":15,"column":86},"end":{"line":15,"column":91}}],"line":15},"1":{"loc":{"start":{"line":18,"column":2},"end":{"line":20,"column":3}},"type":"if","locations":[{"start":{"line":18,"column":2},"end":{"line":20,"column":3}},{"start":{"line":18,"column":2},"end":{"line":20,"column":3}}],"line":18},"2":{"loc":{"start":{"line":27,"column":86},"end":{"line":27,"column":110}},"type":"default-arg","locations":[{"start":{"line":27,"column":105},"end":{"line":27,"column":110}}],"line":27},"3":{"loc":{"start":{"line":31,"column":2},"end":{"line":35,"column":3}},"type":"if","locations":[{"start":{"line":31,"column":2},"end":{"line":35,"column":3}},{"start":{"line":31,"column":2},"end":{"line":35,"column":3}}],"line":31},"4":{"loc":{"start":{"line":44,"column":4},"end":{"line":46,"column":5}},"type":"if","locations":[{"start":{"line":44,"column":4},"end":{"line":46,"column":5}},{"start":{"line":44,"column":4},"end":{"line":46,"column":5}}],"line":44},"5":{"loc":{"start":{"line":44,"column":8},"end":{"line":44,"column":50}},"type":"binary-expr","locations":[{"start":{"line":44,"column":8},"end":{"line":44,"column":35}},{"start":{"line":44,"column":39},"end":{"line":44,"column":50}}],"line":44}},"s":{"0":3,"1":8,"2":8,"3":8,"4":4,"5":3,"6":4,"7":4,"8":12,"9":4,"10":7,"11":1,"12":3,"13":3,"14":1,"15":1,"16":5,"17":3,"18":3,"19":2,"20":2,"21":10,"22":2,"23":2,"24":5,"25":5,"26":2,"27":3,"28":2,"29":2,"30":8,"31":2,"32":2,"33":2,"34":3,"35":2,"36":3,"37":2,"38":3,"39":3},"f":{"0":8,"1":4,"2":12,"3":7,"4":1,"5":5,"6":2,"7":10,"8":2,"9":8,"10":2,"11":2},"b":{"0":[3],"1":[4,4],"2":[0],"3":[1,3],"4":[3,2],"5":[5,5]},"_coverageSchema":"43e27e138ebf9cfc5966b082cf9a028302ed4184","hash":"25f502d63a147c9cb500c62e14ff0d3dbd532dbd"}
,"C:\\Users\\v-kealoi\\Documents\\DEV\\react-native-dualscreen\\twopane-navigation\\packages\\twopane-navigation\\src\\twoPane\\twoPaneStore\\twoPane.methods.ts": {"path":"C:\\Users\\v-kealoi\\Documents\\DEV\\react-native-dualscreen\\twopane-navigation\\packages\\twopane-navigation\\src\\twoPane\\twoPaneStore\\twoPane.methods.ts","statementMap":{"0":{"start":{"line":14,"column":12},"end":{"line":21,"column":1}},"1":{"start":{"line":16,"column":2},"end":{"line":16,"column":54}},"2":{"start":{"line":17,"column":2},"end":{"line":17,"column":65}},"3":{"start":{"line":18,"column":2},"end":{"line":20,"column":3}},"4":{"start":{"line":19,"column":4},"end":{"line":19,"column":65}},"5":{"start":{"line":27,"column":25},"end":{"line":36,"column":1}},"6":{"start":{"line":28,"column":26},"end":{"line":28,"column":54}},"7":{"start":{"line":29,"column":37},"end":{"line":29,"column":85}},"8":{"start":{"line":29,"column":59},"end":{"line":29,"column":84}},"9":{"start":{"line":31,"column":2},"end":{"line":35,"column":3}},"10":{"start":{"line":31,"column":32},"end":{"line":31,"column":68}},"11":{"start":{"line":32,"column":4},"end":{"line":32,"column":38}},"12":{"start":{"line":34,"column":4},"end":{"line":34,"column":72}},"13":{"start":{"line":40,"column":30},"end":{"line":48,"column":1}},"14":{"start":{"line":41,"column":26},"end":{"line":41,"column":54}},"15":{"start":{"line":42,"column":2},"end":{"line":46,"column":4}},"16":{"start":{"line":43,"column":4},"end":{"line":45,"column":5}},"17":{"start":{"line":44,"column":6},"end":{"line":44,"column":57}},"18":{"start":{"line":54,"column":19},"end":{"line":63,"column":1}},"19":{"start":{"line":55,"column":26},"end":{"line":55,"column":54}},"20":{"start":{"line":56,"column":37},"end":{"line":56,"column":85}},"21":{"start":{"line":56,"column":59},"end":{"line":56,"column":84}},"22":{"start":{"line":58,"column":2},"end":{"line":61,"column":3}},"23":{"start":{"line":58,"column":15},"end":{"line":58,"column":16}},"24":{"start":{"line":59,"column":4},"end":{"line":59,"column":59}},"25":{"start":{"line":60,"column":4},"end":{"line":60,"column":64}},"26":{"start":{"line":62,"column":2},"end":{"line":62,"column":43}},"27":{"start":{"line":68,"column":15},"end":{"line":76,"column":1}},"28":{"start":{"line":69,"column":26},"end":{"line":69,"column":54}},"29":{"start":{"line":70,"column":37},"end":{"line":70,"column":85}},"30":{"start":{"line":70,"column":59},"end":{"line":70,"column":84}},"31":{"start":{"line":72,"column":2},"end":{"line":72,"column":61}},"32":{"start":{"line":73,"column":2},"end":{"line":73,"column":66}},"33":{"start":{"line":74,"column":2},"end":{"line":74,"column":42}},"34":{"start":{"line":81,"column":22},"end":{"line":83,"column":1}},"35":{"start":{"line":82,"column":2},"end":{"line":82,"column":71}},"36":{"start":{"line":88,"column":22},"end":{"line":90,"column":1}},"37":{"start":{"line":89,"column":2},"end":{"line":89,"column":45}},"38":{"start":{"line":92,"column":26},"end":{"line":100,"column":1}},"39":{"start":{"line":104,"column":34},"end":{"line":104,"column":51}}},"fnMap":{"0":{"name":"(anonymous_0)","decl":{"start":{"line":14,"column":12},"end":{"line":14,"column":13}},"loc":{"start":{"line":14,"column":102},"end":{"line":21,"column":1}},"line":14},"1":{"name":"(anonymous_1)","decl":{"start":{"line":27,"column":25},"end":{"line":27,"column":26}},"loc":{"start":{"line":27,"column":116},"end":{"line":36,"column":1}},"line":27},"2":{"name":"(anonymous_2)","decl":{"start":{"line":29,"column":54},"end":{"line":29,"column":55}},"loc":{"start":{"line":29,"column":59},"end":{"line":29,"column":84}},"line":29},"3":{"name":"(anonymous_3)","decl":{"start":{"line":31,"column":25},"end":{"line":31,"column":26}},"loc":{"start":{"line":31,"column":32},"end":{"line":31,"column":68}},"line":31},"4":{"name":"(anonymous_4)","decl":{"start":{"line":40,"column":30},"end":{"line":40,"column":31}},"loc":{"start":{"line":40,"column":36},"end":{"line":48,"column":1}},"line":40},"5":{"name":"(anonymous_5)","decl":{"start":{"line":42,"column":16},"end":{"line":42,"column":17}},"loc":{"start":{"line":42,"column":23},"end":{"line":46,"column":3}},"line":42},"6":{"name":"(anonymous_6)","decl":{"start":{"line":54,"column":19},"end":{"line":54,"column":20}},"loc":{"start":{"line":54,"column":25},"end":{"line":63,"column":1}},"line":54},"7":{"name":"(anonymous_7)","decl":{"start":{"line":56,"column":54},"end":{"line":56,"column":55}},"loc":{"start":{"line":56,"column":59},"end":{"line":56,"column":84}},"line":56},"8":{"name":"(anonymous_8)","decl":{"start":{"line":68,"column":15},"end":{"line":68,"column":16}},"loc":{"start":{"line":68,"column":21},"end":{"line":76,"column":1}},"line":68},"9":{"name":"(anonymous_9)","decl":{"start":{"line":70,"column":54},"end":{"line":70,"column":55}},"loc":{"start":{"line":70,"column":59},"end":{"line":70,"column":84}},"line":70},"10":{"name":"(anonymous_10)","decl":{"start":{"line":81,"column":22},"end":{"line":81,"column":23}},"loc":{"start":{"line":81,"column":68},"end":{"line":83,"column":1}},"line":81},"11":{"name":"(anonymous_11)","decl":{"start":{"line":88,"column":22},"end":{"line":88,"column":23}},"loc":{"start":{"line":88,"column":56},"end":{"line":90,"column":1}},"line":88}},"branchMap":{"0":{"loc":{"start":{"line":14,"column":73},"end":{"line":14,"column":97}},"type":"default-arg","locations":[{"start":{"line":14,"column":92},"end":{"line":14,"column":97}}],"line":14},"1":{"loc":{"start":{"line":18,"column":2},"end":{"line":20,"column":3}},"type":"if","locations":[{"start":{"line":18,"column":2},"end":{"line":20,"column":3}},{"start":{"line":18,"column":2},"end":{"line":20,"column":3}}],"line":18},"2":{"loc":{"start":{"line":27,"column":86},"end":{"line":27,"column":110}},"type":"default-arg","locations":[{"start":{"line":27,"column":105},"end":{"line":27,"column":110}}],"line":27},"3":{"loc":{"start":{"line":31,"column":2},"end":{"line":35,"column":3}},"type":"if","locations":[{"start":{"line":31,"column":2},"end":{"line":35,"column":3}},{"start":{"line":31,"column":2},"end":{"line":35,"column":3}}],"line":31},"4":{"loc":{"start":{"line":43,"column":4},"end":{"line":45,"column":5}},"type":"if","locations":[{"start":{"line":43,"column":4},"end":{"line":45,"column":5}},{"start":{"line":43,"column":4},"end":{"line":45,"column":5}}],"line":43},"5":{"loc":{"start":{"line":43,"column":8},"end":{"line":43,"column":50}},"type":"binary-expr","locations":[{"start":{"line":43,"column":8},"end":{"line":43,"column":35}},{"start":{"line":43,"column":39},"end":{"line":43,"column":50}}],"line":43}},"s":{"0":3,"1":8,"2":8,"3":8,"4":4,"5":3,"6":4,"7":4,"8":11,"9":4,"10":7,"11":1,"12":3,"13":3,"14":1,"15":1,"16":5,"17":3,"18":3,"19":2,"20":2,"21":10,"22":2,"23":2,"24":5,"25":5,"26":2,"27":3,"28":2,"29":2,"30":8,"31":2,"32":2,"33":2,"34":3,"35":2,"36":3,"37":2,"38":3,"39":3},"f":{"0":8,"1":4,"2":11,"3":7,"4":1,"5":5,"6":2,"7":10,"8":2,"9":8,"10":2,"11":2},"b":{"0":[3],"1":[4,4],"2":[0],"3":[1,3],"4":[3,2],"5":[5,5]},"_coverageSchema":"43e27e138ebf9cfc5966b082cf9a028302ed4184","hash":"0e1c3304249e6f17b8810cad9f91ee3470df5a99"}
,"C:\\Users\\v-kealoi\\Documents\\DEV\\react-native-dualscreen\\twopane-navigation\\packages\\twopane-navigation\\src\\utilities\\autoPane.methods.ts": {"path":"C:\\Users\\v-kealoi\\Documents\\DEV\\react-native-dualscreen\\twopane-navigation\\packages\\twopane-navigation\\src\\utilities\\autoPane.methods.ts","statementMap":{"0":{"start":{"line":11,"column":12},"end":{"line":17,"column":1}},"1":{"start":{"line":12,"column":2},"end":{"line":16,"column":3}},"2":{"start":{"line":13,"column":4},"end":{"line":13,"column":50}},"3":{"start":{"line":15,"column":4},"end":{"line":15,"column":50}},"4":{"start":{"line":23,"column":25},"end":{"line":29,"column":1}},"5":{"start":{"line":24,"column":2},"end":{"line":28,"column":3}},"6":{"start":{"line":25,"column":4},"end":{"line":25,"column":63}},"7":{"start":{"line":27,"column":4},"end":{"line":27,"column":63}},"8":{"start":{"line":35,"column":28},"end":{"line":41,"column":1}},"9":{"start":{"line":36,"column":2},"end":{"line":40,"column":3}},"10":{"start":{"line":37,"column":4},"end":{"line":37,"column":63}},"11":{"start":{"line":39,"column":4},"end":{"line":39,"column":50}},"12":{"start":{"line":47,"column":28},"end":{"line":53,"column":1}},"13":{"start":{"line":48,"column":2},"end":{"line":52,"column":3}},"14":{"start":{"line":49,"column":4},"end":{"line":49,"column":50}},"15":{"start":{"line":51,"column":4},"end":{"line":51,"column":63}},"16":{"start":{"line":58,"column":19},"end":{"line":64,"column":1}},"17":{"start":{"line":59,"column":2},"end":{"line":63,"column":3}},"18":{"start":{"line":60,"column":4},"end":{"line":60,"column":25}},"19":{"start":{"line":62,"column":4},"end":{"line":62,"column":25}},"20":{"start":{"line":70,"column":15},"end":{"line":76,"column":1}},"21":{"start":{"line":71,"column":2},"end":{"line":75,"column":3}},"22":{"start":{"line":72,"column":4},"end":{"line":72,"column":21}},"23":{"start":{"line":74,"column":4},"end":{"line":74,"column":21}},"24":{"start":{"line":81,"column":22},"end":{"line":87,"column":1}},"25":{"start":{"line":82,"column":2},"end":{"line":86,"column":3}},"26":{"start":{"line":83,"column":4},"end":{"line":83,"column":47}},"27":{"start":{"line":85,"column":4},"end":{"line":85,"column":47}},"28":{"start":{"line":93,"column":22},"end":{"line":99,"column":1}},"29":{"start":{"line":94,"column":2},"end":{"line":98,"column":3}},"30":{"start":{"line":95,"column":4},"end":{"line":95,"column":39}},"31":{"start":{"line":97,"column":4},"end":{"line":97,"column":39}},"32":{"start":{"line":103,"column":27},"end":{"line":112,"column":1}},"33":{"start":{"line":116,"column":36},"end":{"line":116,"column":54}}},"fnMap":{"0":{"name":"(anonymous_0)","decl":{"start":{"line":11,"column":12},"end":{"line":11,"column":13}},"loc":{"start":{"line":11,"column":110},"end":{"line":17,"column":1}},"line":11},"1":{"name":"(anonymous_1)","decl":{"start":{"line":23,"column":25},"end":{"line":23,"column":26}},"loc":{"start":{"line":23,"column":124},"end":{"line":29,"column":1}},"line":23},"2":{"name":"(anonymous_2)","decl":{"start":{"line":35,"column":28},"end":{"line":35,"column":29}},"loc":{"start":{"line":35,"column":127},"end":{"line":41,"column":1}},"line":35},"3":{"name":"(anonymous_3)","decl":{"start":{"line":47,"column":28},"end":{"line":47,"column":29}},"loc":{"start":{"line":47,"column":127},"end":{"line":53,"column":1}},"line":47},"4":{"name":"(anonymous_4)","decl":{"start":{"line":58,"column":19},"end":{"line":58,"column":20}},"loc":{"start":{"line":58,"column":25},"end":{"line":64,"column":1}},"line":58},"5":{"name":"(anonymous_5)","decl":{"start":{"line":70,"column":15},"end":{"line":70,"column":16}},"loc":{"start":{"line":70,"column":21},"end":{"line":76,"column":1}},"line":70},"6":{"name":"(anonymous_6)","decl":{"start":{"line":81,"column":22},"end":{"line":81,"column":23}},"loc":{"start":{"line":81,"column":75},"end":{"line":87,"column":1}},"line":81},"7":{"name":"(anonymous_7)","decl":{"start":{"line":93,"column":22},"end":{"line":93,"column":23}},"loc":{"start":{"line":93,"column":56},"end":{"line":99,"column":1}},"line":93}},"branchMap":{"0":{"loc":{"start":{"line":11,"column":67},"end":{"line":11,"column":85}},"type":"default-arg","locations":[{"start":{"line":11,"column":80},"end":{"line":11,"column":85}}],"line":11},"1":{"loc":{"start":{"line":11,"column":87},"end":{"line":11,"column":105}},"type":"default-arg","locations":[{"start":{"line":11,"column":100},"end":{"line":11,"column":105}}],"line":11},"2":{"loc":{"start":{"line":12,"column":2},"end":{"line":16,"column":3}},"type":"if","locations":[{"start":{"line":12,"column":2},"end":{"line":16,"column":3}},{"start":{"line":12,"column":2},"end":{"line":16,"column":3}}],"line":12},"3":{"loc":{"start":{"line":23,"column":80},"end":{"line":23,"column":98}},"type":"default-arg","locations":[{"start":{"line":23,"column":93},"end":{"line":23,"column":98}}],"line":23},"4":{"loc":{"start":{"line":23,"column":100},"end":{"line":23,"column":118}},"type":"default-arg","locations":[{"start":{"line":23,"column":113},"end":{"line":23,"column":118}}],"line":23},"5":{"loc":{"start":{"line":24,"column":2},"end":{"line":28,"column":3}},"type":"if","locations":[{"start":{"line":24,"column":2},"end":{"line":28,"column":3}},{"start":{"line":24,"column":2},"end":{"line":28,"column":3}}],"line":24},"6":{"loc":{"start":{"line":35,"column":83},"end":{"line":35,"column":101}},"type":"default-arg","locations":[{"start":{"line":35,"column":96},"end":{"line":35,"column":101}}],"line":35},"7":{"loc":{"start":{"line":35,"column":103},"end":{"line":35,"column":121}},"type":"default-arg","locations":[{"start":{"line":35,"column":116},"end":{"line":35,"column":121}}],"line":35},"8":{"loc":{"start":{"line":36,"column":2},"end":{"line":40,"column":3}},"type":"if","locations":[{"start":{"line":36,"column":2},"end":{"line":40,"column":3}},{"start":{"line":36,"column":2},"end":{"line":40,"column":3}}],"line":36},"9":{"loc":{"start":{"line":47,"column":83},"end":{"line":47,"column":101}},"type":"default-arg","locations":[{"start":{"line":47,"column":96},"end":{"line":47,"column":101}}],"line":47},"10":{"loc":{"start":{"line":47,"column":103},"end":{"line":47,"column":121}},"type":"default-arg","locations":[{"start":{"line":47,"column":116},"end":{"line":47,"column":121}}],"line":47},"11":{"loc":{"start":{"line":48,"column":2},"end":{"line":52,"column":3}},"type":"if","locations":[{"start":{"line":48,"column":2},"end":{"line":52,"column":3}},{"start":{"line":48,"column":2},"end":{"line":52,"column":3}}],"line":48},"12":{"loc":{"start":{"line":59,"column":2},"end":{"line":63,"column":3}},"type":"if","locations":[{"start":{"line":59,"column":2},"end":{"line":63,"column":3}},{"start":{"line":59,"column":2},"end":{"line":63,"column":3}}],"line":59},"13":{"loc":{"start":{"line":71,"column":2},"end":{"line":75,"column":3}},"type":"if","locations":[{"start":{"line":71,"column":2},"end":{"line":75,"column":3}},{"start":{"line":71,"column":2},"end":{"line":75,"column":3}}],"line":71},"14":{"loc":{"start":{"line":82,"column":2},"end":{"line":86,"column":3}},"type":"if","locations":[{"start":{"line":82,"column":2},"end":{"line":86,"column":3}},{"start":{"line":82,"column":2},"end":{"line":86,"column":3}}],"line":82},"15":{"loc":{"start":{"line":94,"column":2},"end":{"line":98,"column":3}},"type":"if","locations":[{"start":{"line":94,"column":2},"end":{"line":98,"column":3}},{"start":{"line":94,"column":2},"end":{"line":98,"column":3}}],"line":94}},"s":{"0":1,"1":2,"2":1,"3":1,"4":1,"5":2,"6":1,"7":1,"8":1,"9":2,"10":1,"11":1,"12":1,"13":2,"14":1,"15":1,"16":1,"17":2,"18":1,"19":1,"20":1,"21":2,"22":1,"23":1,"24":1,"25":2,"26":1,"27":1,"28":1,"29":2,"30":1,"31":1,"32":1,"33":1},"f":{"0":2,"1":2,"2":2,"3":2,"4":2,"5":2,"6":2,"7":2},"b":{"0":[2],"1":[2],"2":[1,1],"3":[2],"4":[2],"5":[1,1],"6":[2],"7":[2],"8":[1,1],"9":[2],"10":[2],"11":[1,1],"12":[1,1],"13":[1,1],"14":[1,1],"15":[1,1]},"_coverageSchema":"43e27e138ebf9cfc5966b082cf9a028302ed4184","hash":"2a10eb1cae2fb476eb8cf842ef851c00939bcd90"}
,"C:\\Users\\v-kealoi\\Documents\\DEV\\react-native-dualscreen\\twopane-navigation\\packages\\twopane-navigation\\src\\utilities\\extensionMethods.ts": {"path":"C:\\Users\\v-kealoi\\Documents\\DEV\\react-native-dualscreen\\twopane-navigation\\packages\\twopane-navigation\\src\\utilities\\extensionMethods.ts","statementMap":{"0":{"start":{"line":11,"column":0},"end":{"line":17,"column":2}},"1":{"start":{"line":12,"column":4},"end":{"line":14,"column":5}},"2":{"start":{"line":13,"column":8},"end":{"line":13,"column":37}},"3":{"start":{"line":16,"column":4},"end":{"line":16,"column":21}}},"fnMap":{"0":{"name":"(anonymous_0)","decl":{"start":{"line":11,"column":23},"end":{"line":11,"column":24}},"loc":{"start":{"line":11,"column":35},"end":{"line":17,"column":1}},"line":11}},"branchMap":{"0":{"loc":{"start":{"line":12,"column":4},"end":{"line":14,"column":5}},"type":"if","locations":[{"start":{"line":12,"column":4},"end":{"line":14,"column":5}},{"start":{"line":12,"column":4},"end":{"line":14,"column":5}}],"line":12}},"s":{"0":8,"1":8,"2":8,"3":0},"f":{"0":8},"b":{"0":[8,0]},"_coverageSchema":"43e27e138ebf9cfc5966b082cf9a028302ed4184","hash":"fb922234113d19b48914b703029028d26d266094"}
,"C:\\Users\\v-kealoi\\Documents\\DEV\\react-native-dualscreen\\twopane-navigation\\packages\\twopane-navigation\\src\\utilities\\interfaces.ts": {"path":"C:\\Users\\v-kealoi\\Documents\\DEV\\react-native-dualscreen\\twopane-navigation\\packages\\twopane-navigation\\src\\utilities\\interfaces.ts","statementMap":{},"fnMap":{},"branchMap":{},"s":{},"f":{},"b":{},"_coverageSchema":"43e27e138ebf9cfc5966b082cf9a028302ed4184","hash":"f641aef9db51203d928b02bf9259178b429ed46b"}
,"C:\\Users\\v-kealoi\\Documents\\DEV\\react-native-dualscreen\\twopane-navigation\\packages\\twopane-navigation\\src\\utilities\\utility.methods.ts": {"path":"C:\\Users\\v-kealoi\\Documents\\DEV\\react-native-dualscreen\\twopane-navigation\\packages\\twopane-navigation\\src\\utilities\\utility.methods.ts","statementMap":{"0":{"start":{"line":4,"column":18},"end":{"line":6,"column":1}},"1":{"start":{"line":5,"column":2},"end":{"line":5,"column":55}},"2":{"start":{"line":8,"column":26},"end":{"line":10,"column":1}},"3":{"start":{"line":14,"column":34},"end":{"line":14,"column":51}}},"fnMap":{"0":{"name":"(anonymous_0)","decl":{"start":{"line":4,"column":18},"end":{"line":4,"column":19}},"loc":{"start":{"line":4,"column":33},"end":{"line":6,"column":1}},"line":4}},"branchMap":{},"s":{"0":1,"1":0,"2":1,"3":1},"f":{"0":0},"b":{},"_coverageSchema":"43e27e138ebf9cfc5966b082cf9a028302ed4184","hash":"6e2e5cb27a4aea213b75f9f3708a2f84fca7c96a"}
}
