TN:
SF:C:\Users\v-kealoi\Documents\DEV\react-native-dualscreen\twopane-navigation\packages\twopane-navigation\src\appStore.ts
FN:27,(anonymous_0)
FN:39,(anonymous_1)
FNF:2
FNH:2
FNDA:325,(anonymous_0)
FNDA:36,(anonymous_1)
DA:10,8
DA:12,8
DA:20,8
DA:27,8
DA:28,325
DA:30,36
DA:31,36
DA:33,289
DA:39,36
DA:43,8
LF:10
LH:10
BRDA:28,0,0,36
BRDA:28,0,1,289
BRF:2
BRH:2
end_of_record
TN:
SF:C:\Users\v-kealoi\Documents\DEV\react-native-dualscreen\twopane-navigation\packages\twopane-navigation\src\Shared\screenStore\headerStore\header.actions.ts
FN:5,(anonymous_0)
FN:16,(anonymous_1)
FN:27,(anonymous_2)
FNF:3
FNH:3
FNDA:26,(anonymous_0)
FNDA:10,(anonymous_1)
FNDA:18,(anonymous_2)
DA:5,5
DA:8,26
DA:16,5
DA:19,10
DA:27,5
DA:29,18
LF:6
LH:6
BRF:0
BRH:0
end_of_record
TN:
SF:C:\Users\v-kealoi\Documents\DEV\react-native-dualscreen\twopane-navigation\packages\twopane-navigation\src\Shared\screenStore\headerStore\header.reducer.ts
FN:10,(anonymous_0)
FNF:1
FNH:1
FNDA:341,(anonymous_0)
DA:6,8
DA:10,8
DA:14,341
DA:16,26
DA:25,10
DA:26,10
DA:27,5
DA:29,5
DA:39,18
DA:40,18
DA:41,18
DA:44,287
LF:12
LH:12
BRDA:11,0,0,60
BRDA:14,1,0,26
BRDA:14,1,1,10
BRDA:14,1,2,18
BRDA:14,1,3,287
BRDA:26,2,0,5
BRDA:26,2,1,5
BRF:7
BRH:7
end_of_record
TN:
SF:C:\Users\v-kealoi\Documents\DEV\react-native-dualscreen\twopane-navigation\packages\twopane-navigation\src\Shared\screenStore\headerStore\header.selector.ts
FN:5,(anonymous_0)
FN:6,(anonymous_1)
FNF:2
FNH:2
FNDA:2,(anonymous_0)
FNDA:11,(anonymous_1)
DA:5,1
DA:6,11
LF:2
LH:2
BRF:0
BRH:0
end_of_record
TN:
SF:C:\Users\v-kealoi\Documents\DEV\react-native-dualscreen\twopane-navigation\packages\twopane-navigation\src\Shared\screenStore\headerStore\header.types.ts
FNF:0
FNH:0
DA:1,8
DA:3,8
DA:5,8
LF:3
LH:3
BRF:0
BRH:0
end_of_record
TN:
SF:C:\Users\v-kealoi\Documents\DEV\react-native-dualscreen\twopane-navigation\packages\twopane-navigation\src\Shared\screenStore\headerStore\tests\header.methods.helpers.tsx
FN:3,(anonymous_0)
FN:13,(anonymous_1)
FNF:2
FNH:2
FNDA:4,(anonymous_0)
FNDA:4,(anonymous_1)
DA:3,3
DA:4,4
DA:13,3
DA:14,4
LF:4
LH:4
BRF:0
BRH:0
end_of_record
TN:
SF:C:\Users\v-kealoi\Documents\DEV\react-native-dualscreen\twopane-navigation\packages\twopane-navigation\src\Shared\screenStore\keyStore\key.actions.ts
FN:5,(anonymous_0)
FN:21,(anonymous_1)
FN:32,(anonymous_2)
FN:39,(anonymous_3)
FN:49,(anonymous_4)
FNF:5
FNH:5
FNDA:118,(anonymous_0)
FNDA:8,(anonymous_1)
FNDA:18,(anonymous_2)
FNDA:10,(anonymous_3)
FNDA:8,(anonymous_4)
DA:5,5
DA:9,118
DA:21,8
DA:32,18
DA:39,5
DA:41,10
DA:49,5
DA:51,8
LF:8
LH:8
BRF:0
BRH:0
end_of_record
TN:
SF:C:\Users\v-kealoi\Documents\DEV\react-native-dualscreen\twopane-navigation\packages\twopane-navigation\src\Shared\screenStore\keyStore\key.reducer.ts
FN:12,(anonymous_0)
FN:29,(anonymous_1)
FN:30,(anonymous_2)
FN:45,(anonymous_3)
FN:46,(anonymous_4)
FN:61,(anonymous_5)
FN:62,(anonymous_6)
FN:65,(anonymous_7)
FN:75,(anonymous_8)
FN:95,updateObjectInArray
FN:96,(anonymous_10)
FNF:11
FNH:11
FNDA:341,(anonymous_0)
FNDA:38,(anonymous_1)
FNDA:38,(anonymous_2)
FNDA:74,(anonymous_3)
FNDA:74,(anonymous_4)
FNDA:33,(anonymous_5)
FNDA:33,(anonymous_6)
FNDA:14,(anonymous_7)
FNDA:13,(anonymous_8)
FNDA:8,updateObjectInArray
FNDA:36,(anonymous_10)
DA:8,8
DA:12,8
DA:16,341
DA:18,118
DA:23,118
DA:29,38
DA:30,38
DA:32,8
DA:33,4
DA:39,4
DA:45,74
DA:46,74
DA:48,18
DA:49,9
DA:51,9
DA:54,18
DA:61,33
DA:62,33
DA:64,10
DA:65,5
DA:66,14
DA:69,5
DA:75,5
DA:76,13
DA:79,5
DA:85,8
DA:91,179
DA:96,8
DA:97,36
DA:99,28
DA:101,8
DA:108,8
LF:32
LH:32
BRDA:13,0,0,60
BRDA:16,1,0,118
BRDA:16,1,1,8
BRDA:16,1,2,18
BRDA:16,1,3,10
BRDA:16,1,4,8
BRDA:16,1,5,179
BRDA:32,2,0,4
BRDA:32,2,1,4
BRDA:48,3,0,9
BRDA:48,3,1,9
BRDA:64,4,0,5
BRDA:64,4,1,5
BRDA:66,5,0,6
BRDA:66,5,1,8
BRDA:76,6,0,5
BRDA:76,6,1,8
BRDA:97,7,0,28
BRDA:97,7,1,8
BRF:19
BRH:19
end_of_record
TN:
SF:C:\Users\v-kealoi\Documents\DEV\react-native-dualscreen\twopane-navigation\packages\twopane-navigation\src\Shared\screenStore\keyStore\key.selector.ts
FN:5,(anonymous_0)
FN:6,(anonymous_1)
FNF:2
FNH:2
FNDA:2,(anonymous_0)
FNDA:11,(anonymous_1)
DA:5,1
DA:6,11
LF:2
LH:2
BRF:0
BRH:0
end_of_record
TN:
SF:C:\Users\v-kealoi\Documents\DEV\react-native-dualscreen\twopane-navigation\packages\twopane-navigation\src\Shared\screenStore\keyStore\key.types.ts
FNF:0
FNH:0
DA:1,8
DA:3,8
DA:5,8
DA:7,8
DA:9,8
DA:11,8
LF:6
LH:6
BRF:0
BRH:0
end_of_record
TN:
SF:C:\Users\v-kealoi\Documents\DEV\react-native-dualscreen\twopane-navigation\packages\twopane-navigation\src\Shared\screenStore\keyStore\tests\key.methods.helpers.tsx
FN:6,(anonymous_0)
FN:20,(anonymous_1)
FN:29,(anonymous_2)
FN:37,(anonymous_3)
FN:39,(anonymous_4)
FNF:5
FNH:5
FNDA:8,(anonymous_0)
FNDA:40,(anonymous_1)
FNDA:152,(anonymous_2)
FNDA:24,(anonymous_3)
FNDA:72,(anonymous_4)
DA:6,3
DA:7,8
DA:20,3
DA:21,40
DA:22,40
DA:23,40
DA:24,40
DA:29,3
DA:30,152
DA:37,3
DA:38,24
DA:39,72
LF:12
LH:12
BRDA:20,0,0,26
BRF:1
BRH:1
end_of_record
TN:
SF:C:\Users\v-kealoi\Documents\DEV\react-native-dualscreen\twopane-navigation\packages\twopane-navigation\src\Shared\screenStore\paneElementStore\paneElement.action.ts
FN:6,(anonymous_0)
FN:17,(anonymous_1)
FN:29,(anonymous_2)
FNF:3
FNH:3
FNDA:34,(anonymous_0)
FNDA:10,(anonymous_1)
FNDA:18,(anonymous_2)
DA:6,5
DA:9,34
DA:17,5
DA:20,10
DA:29,5
DA:31,18
LF:6
LH:6
BRF:0
BRH:0
end_of_record
TN:
SF:C:\Users\v-kealoi\Documents\DEV\react-native-dualscreen\twopane-navigation\packages\twopane-navigation\src\Shared\screenStore\paneElementStore\paneElement.reducer.ts
FN:9,(anonymous_0)
FNF:1
FNH:1
FNDA:341,(anonymous_0)
DA:5,8
DA:9,8
DA:13,341
DA:15,34
DA:24,10
DA:25,10
DA:26,5
DA:28,5
DA:39,18
DA:40,18
DA:41,18
DA:44,279
LF:12
LH:12
BRDA:10,0,0,60
BRDA:13,1,0,34
BRDA:13,1,1,10
BRDA:13,1,2,18
BRDA:13,1,3,279
BRDA:25,2,0,5
BRDA:25,2,1,5
BRF:7
BRH:7
end_of_record
TN:
SF:C:\Users\v-kealoi\Documents\DEV\react-native-dualscreen\twopane-navigation\packages\twopane-navigation\src\Shared\screenStore\paneElementStore\paneElement.selectors.ts
FN:5,(anonymous_0)
FN:6,(anonymous_1)
FNF:2
FNH:2
FNDA:2,(anonymous_0)
FNDA:11,(anonymous_1)
DA:5,1
DA:6,11
LF:2
LH:2
BRF:0
BRH:0
end_of_record
TN:
SF:C:\Users\v-kealoi\Documents\DEV\react-native-dualscreen\twopane-navigation\packages\twopane-navigation\src\Shared\screenStore\paneElementStore\paneElement.types.ts
FNF:0
FNH:0
DA:1,8
DA:3,8
DA:5,8
LF:3
LH:3
BRF:0
BRH:0
end_of_record
TN:
SF:C:\Users\v-kealoi\Documents\DEV\react-native-dualscreen\twopane-navigation\packages\twopane-navigation\src\Shared\screenStore\paneElementStore\tests\paneElement.methods.helpers.tsx
FN:4,(anonymous_0)
FN:16,(anonymous_1)
FNF:2
FNH:2
FNDA:8,(anonymous_0)
FNDA:4,(anonymous_1)
DA:4,3
DA:5,8
DA:16,3
DA:17,4
LF:4
LH:4
BRF:0
BRH:0
end_of_record
TN:
SF:C:\Users\v-kealoi\Documents\DEV\react-native-dualscreen\twopane-navigation\packages\twopane-navigation\src\Shared\utilityStore\utilityStore.actions.ts
FN:4,(anonymous_0)
FNF:1
FNH:1
FNDA:3,(anonymous_0)
DA:4,2
DA:5,3
LF:2
LH:2
BRF:0
BRH:0
end_of_record
TN:
SF:C:\Users\v-kealoi\Documents\DEV\react-native-dualscreen\twopane-navigation\packages\twopane-navigation\src\Shared\utilityStore\utilityStore.methods.ts
FN:4,(anonymous_0)
FNF:1
FNH:1
FNDA:1,(anonymous_0)
DA:4,1
DA:5,1
DA:8,1
DA:14,1
LF:4
LH:4
BRF:0
BRH:0
end_of_record
TN:
SF:C:\Users\v-kealoi\Documents\DEV\react-native-dualscreen\twopane-navigation\packages\twopane-navigation\src\Shared\utilityStore\utilityStore.reducer.ts
FN:7,(anonymous_0)
FNF:1
FNH:1
FNDA:341,(anonymous_0)
DA:3,8
DA:7,8
DA:11,341
DA:13,3
DA:18,338
LF:5
LH:5
BRDA:8,0,0,60
BRDA:11,1,0,3
BRDA:11,1,1,338
BRF:3
BRH:3
end_of_record
TN:
SF:C:\Users\v-kealoi\Documents\DEV\react-native-dualscreen\twopane-navigation\packages\twopane-navigation\src\Shared\utilityStore\utilityStore.types.ts
FNF:0
FNH:0
DA:1,8
LF:1
LH:1
BRF:0
BRH:0
end_of_record
TN:
SF:C:\Users\v-kealoi\Documents\DEV\react-native-dualscreen\twopane-navigation\packages\twopane-navigation\src\components\paneHeader\PaneHeader.style.ts
FNF:0
FNH:0
DA:3,1
LF:1
LH:1
BRF:0
BRH:0
end_of_record
TN:
SF:C:\Users\v-kealoi\Documents\DEV\react-native-dualscreen\twopane-navigation\packages\twopane-navigation\src\components\paneHeader\PaneHeader.tsx
FN:6,(anonymous_0)
FN:15,(anonymous_1)
FNF:2
FNH:1
FNDA:2,(anonymous_0)
FNDA:0,(anonymous_1)
DA:6,1
DA:7,2
DA:15,0
LF:3
LH:2
BRDA:11,0,0,2
BRDA:11,0,1,0
BRF:2
BRH:1
end_of_record
TN:
SF:C:\Users\v-kealoi\Documents\DEV\react-native-dualscreen\twopane-navigation\packages\twopane-navigation\src\components\paneHeaderContainer\PaneHeaderContainer.style.ts
FNF:0
FNH:0
DA:3,1
LF:1
LH:1
BRF:0
BRH:0
end_of_record
TN:
SF:C:\Users\v-kealoi\Documents\DEV\react-native-dualscreen\twopane-navigation\packages\twopane-navigation\src\components\paneHeaderContainer\PaneHeaderContainer.tsx
FN:14,(anonymous_0)
FN:36,(anonymous_1)
FNF:2
FNH:1
FNDA:2,(anonymous_0)
FNDA:0,(anonymous_1)
DA:14,1
DA:16,2
DA:18,2
DA:36,0
LF:4
LH:3
BRDA:20,0,0,0
BRDA:20,0,1,2
BRDA:27,1,0,0
BRDA:27,1,1,0
BRDA:34,2,0,0
BRDA:34,2,1,0
BRDA:47,3,0,2
BRDA:47,3,1,0
BRDA:51,4,0,2
BRDA:51,4,1,0
BRF:10
BRH:3
end_of_record
TN:
SF:C:\Users\v-kealoi\Documents\DEV\react-native-dualscreen\twopane-navigation\packages\twopane-navigation\src\components\paneOverlay\PaneOverlay.styles.ts
FNF:0
FNH:0
DA:3,1
LF:1
LH:1
BRF:0
BRH:0
end_of_record
TN:
SF:C:\Users\v-kealoi\Documents\DEV\react-native-dualscreen\twopane-navigation\packages\twopane-navigation\src\components\paneOverlay\PaneOverlay.tsx
FN:31,(anonymous_0)
FN:37,(anonymous_1)
FNF:2
FNH:1
FNDA:1,(anonymous_0)
FNDA:0,(anonymous_1)
DA:31,1
DA:32,1
DA:39,0
DA:42,0
DA:44,0
LF:5
LH:2
BRDA:34,0,0,1
BRDA:34,0,1,1
BRDA:39,1,0,0
BRDA:39,1,1,0
BRDA:42,2,0,0
BRDA:42,2,1,0
BRF:6
BRH:2
end_of_record
TN:
SF:C:\Users\v-kealoi\Documents\DEV\react-native-dualscreen\twopane-navigation\packages\twopane-navigation\src\components\paneRenderer\PaneRenderer.tsx
FN:13,(anonymous_0)
FN:16,(anonymous_1)
FN:17,(anonymous_2)
FN:21,(anonymous_3)
FN:28,(anonymous_4)
FNF:5
FNH:4
FNDA:2,(anonymous_0)
FNDA:2,(anonymous_1)
FNDA:2,(anonymous_2)
FNDA:2,(anonymous_3)
FNDA:0,(anonymous_4)
DA:13,1
DA:14,2
DA:16,2
DA:17,2
DA:18,2
DA:22,2
DA:28,0
DA:42,1
LF:8
LH:7
BRDA:23,0,0,1
BRDA:23,0,1,1
BRDA:26,1,0,1
BRDA:26,1,1,1
BRDA:28,2,0,0
BRDA:28,2,1,0
BRF:6
BRH:4
end_of_record
TN:
SF:C:\Users\v-kealoi\Documents\DEV\react-native-dualscreen\twopane-navigation\packages\twopane-navigation\src\components\twoPaneApp\TwoPaneApp.tsx
FN:11,(anonymous_0)
FN:15,(anonymous_1)
FN:16,(anonymous_2)
FN:18,(anonymous_3)
FNF:4
FNH:2
FNDA:1,(anonymous_0)
FNDA:0,(anonymous_1)
FNDA:0,(anonymous_2)
FNDA:1,(anonymous_3)
DA:11,1
DA:13,1
DA:15,1
DA:16,1
DA:18,1
DA:19,1
DA:20,1
DA:21,1
DA:25,1
LF:9
LH:9
BRDA:19,0,0,1
BRDA:19,0,1,0
BRDA:19,1,0,1
BRDA:19,1,1,1
BRDA:28,2,0,0
BRDA:28,2,1,1
BRF:6
BRH:4
end_of_record
TN:
SF:C:\Users\v-kealoi\Documents\DEV\react-native-dualscreen\twopane-navigation\packages\twopane-navigation\src\components\twoPaneHub\TwoPaneHub.tsx
FN:18,(anonymous_0)
FN:25,(anonymous_1)
FN:29,(anonymous_2)
FN:34,(anonymous_3)
FN:35,(anonymous_4)
FN:45,(anonymous_5)
FNF:6
FNH:4
FNDA:2,(anonymous_0)
FNDA:1,(anonymous_1)
FNDA:0,(anonymous_2)
FNDA:2,(anonymous_3)
FNDA:2,(anonymous_4)
FNDA:0,(anonymous_5)
DA:18,1
DA:20,2
DA:21,2
DA:23,2
DA:25,2
DA:26,1
DA:27,1
DA:29,1
DA:30,0
DA:34,2
DA:35,2
DA:36,2
DA:45,2
DA:46,0
DA:47,0
DA:48,0
DA:50,0
DA:54,2
LF:18
LH:13
BRDA:47,0,0,0
BRDA:47,0,1,0
BRF:2
BRH:0
end_of_record
TN:
SF:C:\Users\v-kealoi\Documents\DEV\react-native-dualscreen\twopane-navigation\packages\twopane-navigation\src\onePane\onePaneStore\onePane.methods.ts
FN:15,(anonymous_0)
FN:27,(anonymous_1)
FN:29,(anonymous_2)
FN:31,(anonymous_3)
FN:41,(anonymous_4)
FN:43,(anonymous_5)
FN:55,(anonymous_6)
FN:57,(anonymous_7)
FN:70,(anonymous_8)
FN:72,(anonymous_9)
FN:84,(anonymous_10)
FN:91,(anonymous_11)
FNF:12
FNH:12
FNDA:8,(anonymous_0)
FNDA:4,(anonymous_1)
FNDA:12,(anonymous_2)
FNDA:7,(anonymous_3)
FNDA:1,(anonymous_4)
FNDA:5,(anonymous_5)
FNDA:2,(anonymous_6)
FNDA:10,(anonymous_7)
FNDA:2,(anonymous_8)
FNDA:8,(anonymous_9)
FNDA:2,(anonymous_10)
FNDA:2,(anonymous_11)
DA:15,3
DA:16,8
DA:17,8
DA:18,8
DA:19,4
DA:27,3
DA:28,4
DA:29,12
DA:31,7
DA:32,1
DA:34,3
DA:41,3
DA:42,1
DA:43,1
DA:44,5
DA:45,3
DA:55,3
DA:56,2
DA:57,10
DA:59,2
DA:60,5
DA:61,5
DA:64,2
DA:70,3
DA:71,2
DA:72,8
DA:74,2
DA:75,2
DA:76,2
DA:84,3
DA:85,2
DA:91,3
DA:92,2
DA:95,3
DA:107,3
LF:35
LH:35
BRDA:15,0,0,3
BRDA:18,1,0,4
BRDA:18,1,1,4
BRDA:27,2,0,0
BRDA:31,3,0,1
BRDA:31,3,1,3
BRDA:44,4,0,3
BRDA:44,4,1,2
BRDA:44,5,0,5
BRDA:44,5,1,5
BRF:10
BRH:9
end_of_record
TN:
SF:C:\Users\v-kealoi\Documents\DEV\react-native-dualscreen\twopane-navigation\packages\twopane-navigation\src\twoPane\twoPaneStore\twoPane.methods.ts
FN:14,(anonymous_0)
FN:27,(anonymous_1)
FN:29,(anonymous_2)
FN:31,(anonymous_3)
FN:40,(anonymous_4)
FN:42,(anonymous_5)
FN:54,(anonymous_6)
FN:56,(anonymous_7)
FN:68,(anonymous_8)
FN:70,(anonymous_9)
FN:81,(anonymous_10)
FN:88,(anonymous_11)
FNF:12
FNH:12
FNDA:8,(anonymous_0)
FNDA:4,(anonymous_1)
FNDA:11,(anonymous_2)
FNDA:7,(anonymous_3)
FNDA:1,(anonymous_4)
FNDA:5,(anonymous_5)
FNDA:2,(anonymous_6)
FNDA:10,(anonymous_7)
FNDA:2,(anonymous_8)
FNDA:8,(anonymous_9)
FNDA:2,(anonymous_10)
FNDA:2,(anonymous_11)
DA:14,3
DA:16,8
DA:17,8
DA:18,8
DA:19,4
DA:27,3
DA:28,4
DA:29,11
DA:31,7
DA:32,1
DA:34,3
DA:40,3
DA:41,1
DA:42,1
DA:43,5
DA:44,3
DA:54,3
DA:55,2
DA:56,10
DA:58,2
DA:59,5
DA:60,5
DA:62,2
DA:68,3
DA:69,2
DA:70,8
DA:72,2
DA:73,2
DA:74,2
DA:81,3
DA:82,2
DA:88,3
DA:89,2
DA:92,3
DA:104,3
LF:35
LH:35
BRDA:14,0,0,3
BRDA:18,1,0,4
BRDA:18,1,1,4
BRDA:27,2,0,0
BRDA:31,3,0,1
BRDA:31,3,1,3
BRDA:43,4,0,3
BRDA:43,4,1,2
BRDA:43,5,0,5
BRDA:43,5,1,5
BRF:10
BRH:9
end_of_record
TN:
SF:C:\Users\v-kealoi\Documents\DEV\react-native-dualscreen\twopane-navigation\packages\twopane-navigation\src\utilities\autoPane.methods.ts
FN:11,(anonymous_0)
FN:23,(anonymous_1)
FN:35,(anonymous_2)
FN:47,(anonymous_3)
FN:58,(anonymous_4)
FN:70,(anonymous_5)
FN:81,(anonymous_6)
FN:93,(anonymous_7)
FNF:8
FNH:8
FNDA:2,(anonymous_0)
FNDA:2,(anonymous_1)
FNDA:2,(anonymous_2)
FNDA:2,(anonymous_3)
FNDA:2,(anonymous_4)
FNDA:2,(anonymous_5)
FNDA:2,(anonymous_6)
FNDA:2,(anonymous_7)
DA:11,1
DA:12,2
DA:13,1
DA:15,1
DA:23,1
DA:24,2
DA:25,1
DA:27,1
DA:35,1
DA:36,2
DA:37,1
DA:39,1
DA:47,1
DA:48,2
DA:49,1
DA:51,1
DA:58,1
DA:59,2
DA:60,1
DA:62,1
DA:70,1
DA:71,2
DA:72,1
DA:74,1
DA:81,1
DA:82,2
DA:83,1
DA:85,1
DA:93,1
DA:94,2
DA:95,1
DA:97,1
DA:103,1
DA:116,1
LF:34
LH:34
BRDA:11,0,0,2
BRDA:11,1,0,2
BRDA:12,2,0,1
BRDA:12,2,1,1
BRDA:23,3,0,2
BRDA:23,4,0,2
BRDA:24,5,0,1
BRDA:24,5,1,1
BRDA:35,6,0,2
BRDA:35,7,0,2
BRDA:36,8,0,1
BRDA:36,8,1,1
BRDA:47,9,0,2
BRDA:47,10,0,2
BRDA:48,11,0,1
BRDA:48,11,1,1
BRDA:59,12,0,1
BRDA:59,12,1,1
BRDA:71,13,0,1
BRDA:71,13,1,1
BRDA:82,14,0,1
BRDA:82,14,1,1
BRDA:94,15,0,1
BRDA:94,15,1,1
BRF:24
BRH:24
end_of_record
TN:
SF:C:\Users\v-kealoi\Documents\DEV\react-native-dualscreen\twopane-navigation\packages\twopane-navigation\src\utilities\extensionMethods.ts
FN:11,(anonymous_0)
FNF:1
FNH:1
FNDA:8,(anonymous_0)
DA:11,8
DA:12,8
DA:13,8
DA:16,0
LF:4
LH:3
BRDA:12,0,0,8
BRDA:12,0,1,0
BRF:2
BRH:1
end_of_record
TN:
SF:C:\Users\v-kealoi\Documents\DEV\react-native-dualscreen\twopane-navigation\packages\twopane-navigation\src\utilities\interfaces.ts
FNF:0
FNH:0
LF:0
LH:0
BRF:0
BRH:0
end_of_record
TN:
SF:C:\Users\v-kealoi\Documents\DEV\react-native-dualscreen\twopane-navigation\packages\twopane-navigation\src\utilities\utility.methods.ts
FN:4,(anonymous_0)
FNF:1
FNH:0
FNDA:0,(anonymous_0)
DA:4,1
DA:5,0
DA:8,1
DA:14,1
LF:4
LH:3
BRF:0
BRH:0
end_of_record
